

HI-TECH Software PICC Macro Assembler V8.05PL2
Serial number: HCPIC-88888                            Mon Nov 18 19:57:50 2019

Licensed to: ONE TWO
     1                           	processor	16F877A
     2                           	opt	pw 79
     3                           	psect	__Z88888RS_,global,delta=1
     4                           	psect	text2,local,class=CODE,delta=2
     5                           	psect	text3,local,class=CODE,delta=2
     6                           	psect	temp,global,ovrld,class=BANK0,space=1,de
      +                          lta=1
     7  0000                     
     8  0000                     
     9  0000                     
    10  0000                     
    11  0000                     
    12  0000                     
    13  0000                     
    14  0000                     
    15  0000                     
    16  0000                     
    17                           
    18                           	psect	__Z88888RS_
    19  0190                     
    20  0190                     
    21                           
    22                           	psect	text2
    23  0799                     _delay
    24                           ;	_i assigned to ?a_delay+0
    25  0000                     _delay$i	set	?a_delay
    26                           ;task2.c: 50: unsigned int i;
    27  0799  0183               	clrf	3	;select bank 0
    28  079A  0821               	movf	?_delay+1,w
    29  079B  0420               	iorwf	?_delay,w
    30  079C  1903               	btfsc	3,2
    31  079D  0008               	return
    32  079E                     l13
    33                           ;task2.c: 53: for(i=1000; i>0; i--);
    34  079E  30E8               	movlw	232
    35  079F  00A2               	movwf	?a_delay
    36  07A0  3003               	movlw	3
    37  07A1  00A3               	movwf	?a_delay+1
    38  07A2                     l16
    39  07A2  08A2               	movf	?a_delay
    40  07A3  1903               	btfsc	3,2
    41  07A4  03A3               	decf	?a_delay+1
    42  07A5  03A2               	decf	?a_delay
    43  07A6  0823               	movf	?a_delay+1,w
    44  07A7  0422               	iorwf	?a_delay,w
    45  07A8  1D03               	btfss	3,2
    46  07A9  2FA2               	goto	l16
    47                           ;task2.c: 54: }
    48  07AA  08A0               	movf	?_delay
    49  07AB  1903               	btfsc	3,2
    50  07AC  03A1               	decf	?_delay+1
    51  07AD  03A0               	decf	?_delay
    52  07AE  0821               	movf	?_delay+1,w
    53  07AF  0420               	iorwf	?_delay,w
    54  07B0  1903               	btfsc	3,2
    55  07B1  0008               	return
    56  07B2  2F9E               	goto	l13
    57                           ;task2.c: 34: void init(void) {
    58  07B3                     _init
    59                           ;task2.c: 35: TRISC2 = 0;
    60  07B3  1683               	bsf	3,5
    61  07B4  1303               	bcf	3,6	;carry unused
    62  07B5  1107               	bcf	7,2
    63                           ;task2.c: 36: TRISB4 = 1;
    64  07B6  1606               	bsf	6,4
    65                           ;task2.c: 37: TRISB2 = 1;
    66  07B7  1506               	bsf	6,2
    67                           ;task2.c: 38: TRISA1 = 0;
    68  07B8  1085               	bcf	5,1
    69                           ;task2.c: 39: RA1 = 1;
    70  07B9  1283               	bcf	3,5
    71  07BA  1485               	bsf	5,1
    72                           ;task2.c: 40: T2CON = 0x03;
    73  07BB  3003               	movlw	3
    74  07BC  0092               	movwf	18	;volatile
    75                           ;task2.c: 41: CCP1CON = 0x0f;
    76  07BD  300F               	movlw	15
    77  07BE  0097               	movwf	23	;volatile
    78                           ;task2.c: 42: TMR2 = 0;
    79  07BF  0191               	clrf	17	;volatile
    80                           ;task2.c: 43: PR2 = 205;
    81  07C0  30CD               	movlw	-51
    82  07C1  1683               	bsf	3,5
    83  07C2  0092               	movwf	18	;volatile
    84                           ;task2.c: 44: CCPR1L = 105;
    85  07C3  3069               	movlw	105
    86  07C4  1283               	bcf	3,5
    87  07C5  0095               	movwf	21	;volatile
    88                           ;task2.c: 46: TMR2ON = 1;
    89  07C6  1512               	bsf	18,2
    90                           ;task2.c: 47: }
    91  07C7  0008               	return
    92  07C8                     _main
    93                           ;task2.c: 12: init();
    94  07C8  27B3               	fcall	_init
    95  07C9                     l3
    96                           ;task2.c: 15: while(1) {
    97                           ;task2.c: 17: if (!RB2) {
    98  07C9  1283               	bcf	3,5
    99  07CA  1303               	bcf	3,6	;carry unused
   100  07CB  1906               	btfsc	6,2
   101  07CC  2FD9               	goto	l5
   102                           ;task2.c: 18: delay(3);
   103  07CD  3003               	movlw	3
   104  07CE  00A0               	movwf	?_delay
   105  07CF  01A1               	clrf	?_delay+1
   106  07D0  2799               	fcall	_delay
   107                           ;task2.c: 19: if (!RB2) {
   108  07D1  1906               	btfsc	6,2
   109  07D2  2FD9               	goto	l5
   110                           ;task2.c: 20: if (CCPR1L > 5) CCPR1L-=5;
   111  07D3  3006               	movlw	6
   112  07D4  0215               	subwf	21,w	;volatile
   113  07D5  1C03               	btfss	3,0
   114  07D6  2FD9               	goto	l5
   115  07D7  30FB               	movlw	-5
   116  07D8  0795               	addwf	21	;volatile
   117                           ;task2.c: 21: }
   118                           ;task2.c: 22: }
   119  07D9                     l5
   120                           ;task2.c: 25: if (!RB4) {
   121  07D9  1A06               	btfsc	6,4
   122  07DA  2FC9               	goto	l3
   123                           ;task2.c: 26: delay(3);
   124  07DB  3003               	movlw	3
   125  07DC  00A0               	movwf	?_delay
   126  07DD  01A1               	clrf	?_delay+1
   127  07DE  2799               	fcall	_delay
   128                           ;task2.c: 27: if (!RB4) {
   129  07DF  1A06               	btfsc	6,4
   130  07E0  2FC9               	goto	l3
   131                           ;task2.c: 28: if (CCPR1L < PR2-5) CCPR1L+=5;
   132  07E1  1683               	bsf	3,5
   133  07E2  0812               	movf	18,w	;volatile
   134  07E3  00F2               	movwf	btemp+2
   135  07E4  01F3               	clrf	btemp+3
   136  07E5  30FB               	movlw	251
   137  07E6  07F2               	addwf	btemp+2
   138  07E7  1803               	btfsc	3,0
   139  07E8  0AF3               	incf	btemp+3
   140  07E9  30FF               	movlw	255
   141  07EA  07F3               	addwf	btemp+3
   142  07EB  1283               	bcf	3,5
   143  07EC  0815               	movf	21,w	;volatile
   144  07ED  00F0               	movwf	btemp
   145  07EE  01F1               	clrf	btemp+1
   146  07EF  0871               	movf	btemp+1,w
   147  07F0  3A80               	xorlw	128
   148  07F1  00F4               	movwf	btemp+4
   149  07F2  0873               	movf	btemp+3,w
   150  07F3  3A80               	xorlw	128
   151  07F4  0274               	subwf	btemp+4,w
   152  07F5  1D03               	btfss	3,2
   153  07F6  2FF9               	goto	u65
   154  07F7  0872               	movf	btemp+2,w
   155  07F8  0270               	subwf	btemp,w
   156  07F9                     u65
   157  07F9  1803               	btfsc	3,0
   158  07FA  2FC9               	goto	l3
   159  07FB  3005               	movlw	5
   160  07FC  1283               	bcf	3,5
   161  07FD  1303               	bcf	3,6	;carry unused
   162  07FE  0795               	addwf	21	;volatile
   163                           ;task2.c: 29: }
   164                           ;task2.c: 30: }
   165                           ;task2.c: 31: }
   166  07FF  2FC9               	goto	l3
   167                           
   168                           	psect	text3
   169  0000                     
   170  0000                     
   171  0000                     
   172  0000                     
   173  0000                     
   174  0000                     
   175  0000                     
   176  0000                     
   177  0000                     
   178  0000                     
   179  0000                     
   180  0000                     
   181  0000                     
   182  0000                     
   183  0000                     
   184  0000                     
   185  0000                     
   186  0000                     
   187  0000                     
   188  0000                     
   189  0000                     
   190  0000                     
   191  0000                     
   192  0000                     
   193  0000                     
   194  0000                     
   195  0000                     
   196  0000                     
   197  0000                     
   198  0000                     
   199  0000                     
   200  0000                     
   201  0000                     
   202  0000                     
   203  0000                     
   204  0000                     
   205  0000                     
   206  0000                     
   207  0000                     
   208  0000                     
   209  0000                     
   210  0000                     
   211  0000                     
   212  0000                     
   213  0000                     
   214  0000                     
   215  0000                     
   216  0000                     
   217  0000                     
   218  0000                     
   219  0000                     
   220  0000                     
   221  0000                     
   222  0000                     
   223  0000                     
   224  0000                     
   225  0000                     
   226  0000                     
   227  0000                     
   228  0000                     
   229  0000                     
   230  0000                     
   231  0000                     
   232  0000                     
   233  0000                     
   234  0000                     
   235  0000                     
   236  0000                     
   237  0000                     
   238  0000                     
   239  0000                     
   240  0000                     
   241  0000                     
   242  0000                     
   243  0000                     
   244  0000                     
   245  0000                     
   246  0000                     
   247  0000                     
   248  0000                     
   249  0000                     
   250  0000                     
   251  0000                     
   252  0000                     
   253  0000                     
   254  0000                     
   255  0000                     
   256  0000                     
   257  0000                     
   258  0000                     
   259  0000                     
   260  0000                     
   261  0000                     
   262  0000                     
   263  0000                     
   264  0000                     
   265  0000                     
   266  0000                     
   267  0000                     
   268  0000                     
   269  0000                     
   270  0000                     
   271  0000                     
   272  0000                     
   273  0000                     
   274  0000                     
   275  0000                     
   276  0000                     
   277  0000                     
   278  0000                     
   279  0000                     
   280  0000                     
   281  0000                     
   282  0000                     
   283  0000                     
   284  0000                     
   285  0000                     
   286  0000                     
   287  0000                     
   288  0000                     
   289  0000                     
   290  0000                     
   291  0000                     
   292  0000                     
   293  0000                     
   294  0000                     
   295  0000                     
   296  0000                     
   297  0000                     
   298  0000                     
   299  0000                     
   300  0000                     
   301  0000                     
   302  0000                     
   303  0000                     
   304  0000                     
   305  0000                     
   306  0000                     
   307  0000                     
   308  0000                     
   309  0000                     
   310  0000                     
   311  0000                     
   312  0000                     
   313  0000                     
   314  0000                     
   315  0000                     
   316  0000                     
   317  0000                     
   318  0000                     
   319  0000                     
   320  0000                     
   321  0000                     
   322  0000                     
   323  0000                     
   324  0000                     
   325  0000                     
   326  0000                     
   327  0000                     
   328  0000                     
   329  0000                     
   330  0000                     
   331  0000                     
   332  0000                     
   333  0000                     
   334  0000                     
   335  0000                     
   336  0000                     
   337  0000                     
   338  0000                     
   339  0000                     
   340  0000                     
   341  0000                     
   342  0000                     
   343  0000                     
   344  0000                     
   345  0000                     
   346  0000                     
   347  0000                     
   348  0000                     
   349  0000                     
   350  0000                     
   351  0000                     
   352  0000                     
   353  0000                     
   354  0000                     
   355  0000                     
   356  0000                     
   357  0000                     
   358  0000                     
   359  0000                     
   360  0000                     
   361  0000                     
   362  0000                     
   363  0000                     
   364  0000                     
   365  0000                     
   366  0000                     
   367  0000                     
   368  0000                     
   369  0000                     
   370  0000                     
   371  0000                     
   372  0000                     
   373  0000                     
   374  0000                     
   375  0000                     
   376  0000                     
   377  0000                     
   378  0000                     
   379  0000                     
   380  0000                     
   381  0000                     
   382  0000                     
   383  0000                     
   384  0000                     
   385  0000                     
   386  0000                     
   387  0000                     
   388  0000                     
   389  0000                     
   390  0000                     
   391  0000                     
   392  0000                     
   393  0000                     
   394  0000                     
   395  0000                     
   396  0000                     
   397  0000                     
   398  0000                     
   399  0000                     
   400  0000                     
   401  0000                     
   402  0000                     
   403  0000                     
   404  0000                     
   405  0000                     
   406  0000                     
   407  0000                     
   408  0000                     
   409  0000                     
   410  0000                     
   411  0000                     
   412  0000                     
   413  0000                     
   414  0000                     
   415  0000                     
   416  0000                     
   417  0000                     
   418  0000                     
   419  0000                     
   420  0000                     
   421  0000                     
   422  0000                     
   423  0000                     
   424  0000                     
   425  0000                     
   426  0000                     
   427  0000                     
   428  0000                     
   429  0000                     
   430  0000                     
   431  0000                     
   432  0000                     
   433  0000                     
   434  0000                     
   435  0000                     
   436  0000                     
   437  0000                     
   438  0000                     
   439  0000                     
   440  0000                     
   441  0000                     
   442  0000                     
   443  0000                     
   444  0000                     
   445                           
   446                           	psect	temp
   447  0070                     btemp
   448  0070                     	ds	5


HI-TECH Software PICC Macro Assembler V8.05PL2
Symbol Table                                          Mon Nov 18 19:57:50 2019

    ?_delay 0020           l3 07C9           l5 07D9     ?a_delay 0022  
        l13 079E          l16 07A2          u65 07F9        _main 07C8  
      _init 07B3        btemp 0070        start 0004       _delay 0799  
     status 0003  used_btemp0 0001  used_btemp1 0001  used_btemp2 0001  
used_btemp3 0001  used_btemp4 0001  
