

HI-TECH Software PICC Macro Assembler V8.05PL2
Serial number: HCPIC-88888                            Thu Oct 17 22:02:56 2019

Licensed to: ONE TWO
     1                           	processor	16F877A
     2                           	opt	pw 79
     3                           	psect	__Z88888RS_,global,delta=1
     4                           	psect	text1,local,class=CODE,delta=2
     5                           	psect	intcode,global,class=CODE,delta=2
     6                           	psect	intsave_0,global,ovrld,class=COMBANK,spa
      +                          ce=1,delta=1
     7                           	psect	intret,global,class=CODE,delta=2
     8                           	psect	intentry,global,class=CODE,delta=2
     9                           	psect	intsave,global,class=BANK0,space=1,delta
      +                          =1
    10                           	psect	text2,local,class=CODE,delta=2
    11                           	psect	text3,local,class=CODE,delta=2
    12                           	psect	text4,local,class=CODE,delta=2
    13                           	psect	temp,global,ovrld,class=BANK0,space=1,de
      +                          lta=1
    14  0000                     
    15  0000                     
    16  0000                     
    17  0000                     
    18  0000                     
    19  0000                     
    20  0000                     
    21  0000                     
    22  0000                     
    23  0000                     
    24                           
    25                           	psect	__Z88888RS_
    26  0000'                    
    27  0000'                    
    28                           
    29                           	psect	intcode
    30                           ;ex1.c: 29: void interrupt PIC_Int(void)
    31                           ;ex1.c: 30: {
    32  0000'                    _PIC_Int
    33  0000'                    int_func
    34                           ;	_i assigned to ?a_PIC_Int+0
    35  0000                     _PIC_Int$i	set	?a_PIC_Int
    36                           ;ex1.c: 31: unsigned char i;
    37  0000' 1C8B               	btfss	11,1
    38  0001' 2800'              	goto	l8
    39                           ;ex1.c: 33: {
    40  0002' 1283               	bcf	3,5
    41  0003' 1303               	bcf	3,6	;carry unused
    42  0004' 0188               	clrf	8	;volatile
    43                           ;ex1.c: 35: for(i=0; i<10; i++)
    44  0005' 0180'              	clrf	?a_PIC_Int
    45  0006'                    l10
    46                           ;ex1.c: 36: {
    47                           ;ex1.c: 37: PORTD=~PORTD;
    48  0006' 0988               	comf	8	;volatile
    49                           ;ex1.c: 38: Delay1(150);
    50  0007' 3096               	movlw	150
    51  0008' 0080'              	movwf	?_Delay1
    52  0009' 0181'              	clrf	?_Delay1+1
    53  000A' 120A' 118A' 2000'  	fcall	_Delay1
      +       120A' 118A'        
    54                           ;ex1.c: 39: }
    55  000F' 0A80'              	incf	?a_PIC_Int
    56  0010' 300A               	movlw	10
    57  0011' 0200'              	subwf	?a_PIC_Int,w
    58  0012' 1C03               	btfss	3,0
    59  0013' 2800'              	goto	l10
    60                           ;ex1.c: 40: INTF=0;
    61  0014' 108B               	bcf	11,1
    62                           ;ex1.c: 41: }
    63  0015'                    l8
    64  0015' 1303               	bcf	3,6	;carry unused
    65  0016' 1283               	bcf	3,5
    66                           
    67                           	psect	intsave_0
    68  0000'                    saved_w
    69  0000'                    	ds	1
    70                           
    71                           	psect	intret
    72  0000' 0800'              	movf	saved_fsr,w
    73  0001' 0084               	movwf	4	;restore FSR
    74  0002' 0800'              	movf	saved_pclath,w
    75  0003' 008A               	movwf	10
    76  0004'                    int_restore
    77  0004' 0800'              	movf	saved_status,w
    78  0005' 0083               	movwf	3
    79  0006' 0E80'              	swapf	saved_w
    80  0007' 0E00'              	swapf	saved_w,w
    81  0008' 0009               	retfie
    82                           
    83                           	psect	intentry
    84  0000'                    int_entry
    85  0000' 0080'              	movwf	saved_w
    86  0001' 0803               	movf	3,w
    87  0002' 0183               	clrf	3
    88  0003' 0080'              	movwf	saved_status
    89  0004' 0804               	movf	4,w
    90  0005' 0080'              	movwf	saved_fsr
    91  0006' 080A               	movf	10,w
    92  0007' 0080'              	movwf	saved_pclath
    93  0008' 018A               	clrf	10
    94                           ;ex1.c: 44: void Delay (unsigned int delay)
    95                           ;ex1.c: 45: {
    96                           ;       param _delay assigned to ?_Delay+0
    97  0000                     _Delay$delay	set	?_Delay
    98                           
    99                           	psect	intsave
   100  0000'                    saved_status
   101  0000'                    	ds	1
   102  0001'                    saved_fsr
   103  0001'                    	ds	1
   104  0002'                    saved_pclath
   105  0002'                    	ds	1
   106                           
   107                           	psect	text2
   108  0000'                    _Delay
   109                           ;	_i assigned to ?a_Delay+0
   110  0000                     _Delay$i	set	?a_Delay
   111                           ;ex1.c: 46: unsigned int i;
   112  0000' 0183               	clrf	3	;select bank 0
   113  0001' 0801'              	movf	?_Delay+1,w
   114  0002' 0400'              	iorwf	?_Delay,w
   115  0003' 1903               	btfsc	3,2
   116  0004' 0008               	return
   117  0005'                    l14
   118                           ;ex1.c: 48: for (i=0; i<45; i++);
   119  0005' 0180'              	clrf	?a_Delay
   120  0006' 0181'              	clrf	?a_Delay+1
   121  0007'                    l17
   122  0007' 0A80'              	incf	?a_Delay
   123  0008' 1903               	btfsc	3,2
   124  0009' 0A81'              	incf	?a_Delay+1
   125  000A' 3000               	movlw	0
   126  000B' 0201'              	subwf	?a_Delay+1,w
   127  000C' 302D               	movlw	45
   128  000D' 1903               	btfsc	3,2
   129  000E' 0200'              	subwf	?a_Delay,w
   130  000F' 1C03               	btfss	3,0
   131  0010' 2800'              	goto	l17
   132  0011' 0880'              	movf	?_Delay
   133  0012' 1903               	btfsc	3,2
   134  0013' 0381'              	decf	?_Delay+1
   135  0014' 0380'              	decf	?_Delay
   136  0015' 0801'              	movf	?_Delay+1,w
   137  0016' 0400'              	iorwf	?_Delay,w
   138  0017' 1903               	btfsc	3,2
   139  0018' 0008               	return
   140  0019' 2800'              	goto	l14
   141  001A'                    _main
   142                           ;	_i assigned to ?a_main+0
   143  0000                     _main$i	set	?a_main
   144                           ;ex1.c: 8: ADCON1=(ADCON1&0xf0)|0x07;
   145  001A' 1683               	bsf	3,5
   146  001B' 1303               	bcf	3,6	;carry unused
   147  001C' 081F               	movf	31,w	;volatile
   148  001D' 39F0               	andlw	-16
   149  001E' 3807               	iorlw	7
   150  001F' 009F               	movwf	31	;volatile
   151                           ;ex1.c: 10: TRISB0=1;
   152  0020' 1406               	bsf	6,0
   153                           ;ex1.c: 11: TRISD=0x00;
   154  0021' 0188               	clrf	8	;volatile
   155                           ;ex1.c: 12: TRISA=TRISA&(~(0x01<<1));
   156  0022' 1085               	bcf	5,1	;volatile
   157                           ;ex1.c: 13: INTEDG=1;
   158  0023' 1701               	bsf	1,6
   159                           ;ex1.c: 15: INTE=1;
   160  0024' 160B               	bsf	11,4
   161                           ;ex1.c: 16: INTF=0;
   162  0025' 108B               	bcf	11,1
   163                           ;ex1.c: 17: GIE=1;
   164  0026' 178B               	bsf	11,7
   165                           ;ex1.c: 18: RA1=1;
   166  0027' 1283               	bcf	3,5
   167  0028' 1485               	bsf	5,1
   168  0029'                    l3
   169                           ;ex1.c: 19: while(1){
   170                           ;ex1.c: 20: unsigned char i=0;
   171  0029' 0180'              	clrf	?a_main
   172                           ;ex1.c: 21: for(i=0; i<8; i++)
   173  002A' 0180'              	clrf	?a_main
   174  002B'                    l5
   175                           ;ex1.c: 22: {
   176                           ;ex1.c: 23: PORTD=(0x01<<i);
   177  002B' 3001               	movlw	1
   178  002C' 0080'              	movwf	btemp
   179  002D' 0800'              	movf	?a_main,w
   180  002E' 0081'              	movwf	btemp+1
   181  002F' 0A81'              	incf	btemp+1
   182  0030' 2800'              	goto	u14
   183  0031'                    u15
   184  0031' 1003               	bcf	3,0
   185  0032' 0D80'              	rlf	btemp
   186  0033'                    u14
   187  0033' 0B81'              	decfsz	btemp+1
   188  0034' 2800'              	goto	u15
   189  0035' 0800'              	movf	btemp,w
   190  0036' 0088               	movwf	8	;volatile
   191                           ;ex1.c: 24: Delay(3000);
   192  0037' 30B8               	movlw	184
   193  0038' 0080'              	movwf	?_Delay
   194  0039' 300B               	movlw	11
   195  003A' 0081'              	movwf	?_Delay+1
   196  003B' 2000'              	fcall	_Delay
   197                           ;ex1.c: 25: }
   198  003C' 0A80'              	incf	?a_main
   199  003D' 3008               	movlw	8
   200  003E' 0200'              	subwf	?a_main,w
   201  003F' 1803               	btfsc	3,0
   202  0040' 2800'              	goto	l3
   203  0041' 2800'              	goto	l5
   204                           
   205                           	psect	text3
   206  0000'                    _Delay1
   207                           ;	_i assigned to ?a_Delay1+0
   208  0000                     _Delay1$i	set	?a_Delay1
   209                           ;ex1.c: 53: unsigned int i;
   210  0000' 0183               	clrf	3	;select bank 0
   211  0001' 0801'              	movf	?_Delay1+1,w
   212  0002' 0400'              	iorwf	?_Delay1,w
   213  0003' 1903               	btfsc	3,2
   214  0004' 0008               	return
   215  0005'                    l21
   216                           ;ex1.c: 55: for (i=0; i<45; i++);
   217  0005' 0180'              	clrf	?a_Delay1
   218  0006' 0181'              	clrf	?a_Delay1+1
   219  0007'                    l24
   220  0007' 0A80'              	incf	?a_Delay1
   221  0008' 1903               	btfsc	3,2
   222  0009' 0A81'              	incf	?a_Delay1+1
   223  000A' 3000               	movlw	0
   224  000B' 0201'              	subwf	?a_Delay1+1,w
   225  000C' 302D               	movlw	45
   226  000D' 1903               	btfsc	3,2
   227  000E' 0200'              	subwf	?a_Delay1,w
   228  000F' 1C03               	btfss	3,0
   229  0010' 2800'              	goto	l24
   230  0011' 0880'              	movf	?_Delay1
   231  0012' 1903               	btfsc	3,2
   232  0013' 0381'              	decf	?_Delay1+1
   233  0014' 0380'              	decf	?_Delay1
   234  0015' 0801'              	movf	?_Delay1+1,w
   235  0016' 0400'              	iorwf	?_Delay1,w
   236  0017' 1903               	btfsc	3,2
   237  0018' 0008               	return
   238  0019' 2800'              	goto	l21
   239                           
   240                           	psect	text4
   241  0000                     
   242  0000                     
   243  0000                     
   244  0000                     
   245  0000                     
   246  0000                     
   247  0000                     
   248  0000                     
   249  0000                     
   250  0000                     
   251  0000                     
   252  0000                     
   253  0000                     
   254  0000                     
   255  0000                     
   256  0000                     
   257  0000                     
   258  0000                     
   259  0000                     
   260  0000                     
   261  0000                     
   262  0000                     
   263  0000                     
   264  0000                     
   265  0000                     
   266  0000                     
   267  0000                     
   268  0000                     
   269  0000                     
   270  0000                     
   271  0000                     
   272  0000                     
   273  0000                     
   274  0000                     
   275  0000                     
   276  0000                     
   277  0000                     
   278  0000                     
   279  0000                     
   280  0000                     
   281  0000                     
   282  0000                     
   283  0000                     
   284  0000                     
   285  0000                     
   286  0000                     
   287  0000                     
   288  0000                     
   289  0000                     
   290  0000                     
   291  0000                     
   292  0000                     
   293  0000                     
   294  0000                     
   295  0000                     
   296  0000                     
   297  0000                     
   298  0000                     
   299  0000                     
   300  0000                     
   301  0000                     
   302  0000                     
   303  0000                     
   304  0000                     
   305  0000                     
   306  0000                     
   307  0000                     
   308  0000                     
   309  0000                     
   310  0000                     
   311  0000                     
   312  0000                     
   313  0000                     
   314  0000                     
   315  0000                     
   316  0000                     
   317  0000                     
   318  0000                     
   319  0000                     
   320  0000                     
   321  0000                     
   322  0000                     
   323  0000                     
   324  0000                     
   325  0000                     
   326  0000                     
   327  0000                     
   328  0000                     
   329  0000                     
   330  0000                     
   331  0000                     
   332  0000                     
   333  0000                     
   334  0000                     
   335  0000                     
   336  0000                     
   337  0000                     
   338  0000                     
   339  0000                     
   340  0000                     
   341  0000                     
   342  0000                     
   343  0000                     
   344  0000                     
   345  0000                     
   346  0000                     
   347  0000                     
   348  0000                     
   349  0000                     
   350  0000                     
   351  0000                     
   352  0000                     
   353  0000                     
   354  0000                     
   355  0000                     
   356  0000                     
   357  0000                     
   358  0000                     
   359  0000                     
   360  0000                     
   361  0000                     
   362  0000                     
   363  0000                     
   364  0000                     
   365  0000                     
   366  0000                     
   367  0000                     
   368  0000                     
   369  0000                     
   370  0000                     
   371  0000                     
   372  0000                     
   373  0000                     
   374  0000                     
   375  0000                     
   376  0000                     
   377  0000                     
   378  0000                     
   379  0000                     
   380  0000                     
   381  0000                     
   382  0000                     
   383  0000                     
   384  0000                     
   385  0000                     
   386  0000                     
   387  0000                     
   388  0000                     
   389  0000                     
   390  0000                     
   391  0000                     
   392  0000                     
   393  0000                     
   394  0000                     
   395  0000                     
   396  0000                     
   397  0000                     
   398  0000                     
   399  0000                     
   400  0000                     
   401  0000                     
   402  0000                     
   403  0000                     
   404  0000                     
   405  0000                     
   406  0000                     
   407  0000                     
   408  0000                     
   409  0000                     
   410  0000                     
   411  0000                     
   412  0000                     
   413  0000                     
   414  0000                     
   415  0000                     
   416  0000                     
   417  0000                     
   418  0000                     
   419  0000                     
   420  0000                     
   421  0000                     
   422  0000                     
   423  0000                     
   424  0000                     
   425  0000                     
   426  0000                     
   427  0000                     
   428  0000                     
   429  0000                     
   430  0000                     
   431  0000                     
   432  0000                     
   433  0000                     
   434  0000                     
   435  0000                     
   436  0000                     
   437  0000                     
   438  0000                     
   439  0000                     
   440  0000                     
   441  0000                     
   442  0000                     
   443  0000                     
   444  0000                     
   445  0000                     
   446  0000                     
   447  0000                     
   448  0000                     
   449  0000                     
   450  0000                     
   451  0000                     
   452  0000                     
   453  0000                     
   454  0000                     
   455  0000                     
   456  0000                     
   457  0000                     
   458  0000                     
   459  0000                     
   460  0000                     
   461  0000                     
   462  0000                     
   463  0000                     
   464  0000                     
   465  0000                     
   466  0000                     
   467  0000                     
   468  0000                     
   469  0000                     
   470  0000                     
   471  0000                     
   472  0000                     
   473  0000                     
   474  0000                     
   475  0000                     
   476  0000                     
   477  0000                     
   478  0000                     
   479  0000                     
   480  0000                     
   481  0000                     
   482  0000                     
   483  0000                     
   484  0000                     
   485  0000                     
   486  0000                     
   487  0000                     
   488  0000                     
   489  0000                     
   490  0000                     
   491  0000                     
   492  0000                     
   493  0000                     
   494  0000                     
   495  0000                     
   496  0000                     
   497  0000                     
   498  0000                     
   499  0000                     
   500  0000                     
   501  0000                     
   502  0000                     
   503  0000                     
   504  0000                     
   505  0000                     
   506  0000                     
   507  0000                     
   508  0000                     
   509  0000                     
   510  0000                     
   511  0000                     
   512  0000                     
   513  0000                     
   514  0000                     
   515  0000                     
   516  0000                     
   517                           
   518                           	psect	temp
   519  0000'                    btemp
   520  0000'                    	ds	2


HI-TECH Software PICC Macro Assembler V8.05PL2
Symbol Table                                          Thu Oct 17 22:02:56 2019

      ?a_main 0000*            l3 0029             l5 002B  
           l8 0015            l10 0006            l21 0005  
          l14 0005            l24 0007            l17 0007  
          u14 0033            u15 0031            fsr 0004  
      _Delay1 0000       _PIC_Int 0000  save_code_ptr 0000* 
  save_btemp0 0000*   save_btemp1 0000*   save_btemp2 0000* 
  save_btemp3 0000*   save_btemp4 0000*   save_btemp5 0000* 
  save_btemp6 0000*   save_btemp7 0000*   save_btemp8 0000* 
  save_btemp9 0000*         _main 001A          btemp 0000  
        start 0000*       saved_w 0000      int_entry 0000  
       _Delay 0000      saved_fsr 0001   save_btemp10 0000* 
 save_btemp11 0000*  save_btemp12 0000*  save_btemp13 0000* 
 save_btemp14 0000*  saved_pclath 0002         pclath 000A  
 saved_status 0000         status 0003       int_func 0000  
   ?a_PIC_Int 0000*      ?_Delay1 0000*   int_restore 0004  
      ?_Delay 0000*   used_btemp0 0000*   used_btemp1 0000* 
    ?a_Delay1 0000*      ?a_Delay 0000* 
