

HI-TECH Software PICC Macro Assembler V8.05PL2
Serial number: HCPIC-88888                            Sat Sep 28 01:02:36 2019

Licensed to: ONE TWO
     1                           	processor	16F877A
     2                           	opt	pw 79
     3                           	psect	__Z88888RS_,global,delta=1
     4                           	psect	text2,local,class=CODE,delta=2
     5                           	psect	text3,local,class=CODE,delta=2
     6                           	psect	temp,global,ovrld,class=BANK0,space=1,de
      +                          lta=1
     7  0000                     
     8  0000                     
     9  0000                     
    10  0000                     
    11  0000                     
    12  0000                     
    13  0000                     
    14  0000                     
    15  0000                     
    16  0000                     
    17                           
    18                           	psect	__Z88888RS_
    19  0190                     
    20  0190                     
    21                           
    22                           	psect	text2
    23  07B1                     _Delay
    24                           ;	_i assigned to ?a_Delay+0
    25  0000                     _Delay$i	set	?a_Delay
    26                           ;ex2.c: 40: unsigned int i;
    27  07B1  0183               	clrf	3	;select bank 0
    28  07B2  0823               	movf	?_Delay+1,w
    29  07B3  0422               	iorwf	?_Delay,w
    30  07B4  1903               	btfsc	3,2
    31  07B5  0008               	return
    32  07B6                     l14
    33                           ;ex2.c: 42: for (i=0; i<45; i++);
    34  07B6  01A4               	clrf	?a_Delay
    35  07B7  01A5               	clrf	?a_Delay+1
    36  07B8                     l17
    37  07B8  0AA4               	incf	?a_Delay
    38  07B9  1903               	btfsc	3,2
    39  07BA  0AA5               	incf	?a_Delay+1
    40  07BB  3000               	movlw	0
    41  07BC  0225               	subwf	?a_Delay+1,w
    42  07BD  302D               	movlw	45
    43  07BE  1903               	btfsc	3,2
    44  07BF  0224               	subwf	?a_Delay,w
    45  07C0  1C03               	btfss	3,0
    46  07C1  2FB8               	goto	l17
    47  07C2  08A2               	movf	?_Delay
    48  07C3  1903               	btfsc	3,2
    49  07C4  03A3               	decf	?_Delay+1
    50  07C5  03A2               	decf	?_Delay
    51  07C6  0823               	movf	?_Delay+1,w
    52  07C7  0422               	iorwf	?_Delay,w
    53  07C8  1903               	btfsc	3,2
    54  07C9  0008               	return
    55  07CA  2FB6               	goto	l14
    56  07CB                     _main
    57                           ;	_i assigned to ?a_main+0
    58  0000                     _main$i	set	?a_main
    59                           ;ex2.c: 8: ADCON1=(ADCON1&0xf0)|0x07;
    60  07CB  1683               	bsf	3,5
    61  07CC  1303               	bcf	3,6	;carry unused
    62  07CD  081F               	movf	31,w	;volatile
    63  07CE  39F0               	andlw	-16
    64  07CF  3807               	iorlw	7
    65  07D0  009F               	movwf	31	;volatile
    66                           ;ex2.c: 9: TRISB0=1;
    67  07D1  1406               	bsf	6,0
    68                           ;ex2.c: 10: TRISD=0x00;
    69  07D2  0188               	clrf	8	;volatile
    70                           ;ex2.c: 11: TRISA=TRISA&(~(0x01<<1));
    71  07D3  1085               	bcf	5,1	;volatile
    72                           ;ex2.c: 12: RA1=1;
    73  07D4  1283               	bcf	3,5
    74  07D5  1485               	bsf	5,1
    75  07D6                     l3
    76                           ;ex2.c: 13: while(1)
    77                           ;ex2.c: 14: {
    78  07D6  01A0               	clrf	?a_main
    79                           ;ex2.c: 16: for(i=0; i<8; i++)
    80  07D7  01A0               	clrf	?a_main
    81  07D8                     l5
    82                           ;ex2.c: 17: {
    83                           ;ex2.c: 18: PORTD=(0x01<<i);
    84  07D8  3001               	movlw	1
    85  07D9  00F0               	movwf	btemp
    86  07DA  0820               	movf	?a_main,w
    87  07DB  00F1               	movwf	btemp+1
    88  07DC  0AF1               	incf	btemp+1
    89  07DD  2FE0               	goto	u14
    90  07DE                     u15
    91  07DE  1003               	bcf	3,0
    92  07DF  0DF0               	rlf	btemp
    93  07E0                     u14
    94  07E0  0BF1               	decfsz	btemp+1
    95  07E1  2FDE               	goto	u15
    96  07E2  0870               	movf	btemp,w
    97  07E3  0088               	movwf	8	;volatile
    98                           ;ex2.c: 19: Delay(3000);
    99  07E4  30B8               	movlw	184
   100  07E5  00A2               	movwf	?_Delay
   101  07E6  300B               	movlw	11
   102  07E7  00A3               	movwf	?_Delay+1
   103  07E8  27B1               	fcall	_Delay
   104                           ;ex2.c: 20: checkkey();
   105  07E9  27F0               	fcall	_checkkey
   106                           ;ex2.c: 21: }
   107  07EA  0AA0               	incf	?a_main
   108  07EB  3008               	movlw	8
   109  07EC  0220               	subwf	?a_main,w
   110  07ED  1803               	btfsc	3,0
   111  07EE  2FD6               	goto	l3
   112  07EF  2FD8               	goto	l5
   113                           ;ex2.c: 24: void checkkey(void)
   114                           ;ex2.c: 25: {
   115  07F0                     _checkkey
   116                           ;	_i assigned to ?a_checkkey+0
   117  0000                     _checkkey$i	set	?a_checkkey
   118                           ;ex2.c: 26: unsigned char i;
   119  07F0  0183               	clrf	3	;select bank 0
   120  07F1  1806               	btfsc	6,0
   121  07F2  0008               	return
   122                           ;ex2.c: 28: {
   123  07F3  0188               	clrf	8	;volatile
   124                           ;ex2.c: 30: for(i=0; i<10; i++)
   125  07F4  01A1               	clrf	?a_checkkey
   126  07F5                     l10
   127                           ;ex2.c: 31: {
   128                           ;ex2.c: 32: PORTD=~PORTD;
   129  07F5  0988               	comf	8	;volatile
   130                           ;ex2.c: 33: Delay(150);
   131  07F6  3096               	movlw	150
   132  07F7  00A2               	movwf	?_Delay
   133  07F8  01A3               	clrf	?_Delay+1
   134  07F9  27B1               	fcall	_Delay
   135                           ;ex2.c: 34: }
   136  07FA  0AA1               	incf	?a_checkkey
   137  07FB  300A               	movlw	10
   138  07FC  0221               	subwf	?a_checkkey,w
   139  07FD  1803               	btfsc	3,0
   140  07FE  0008               	return
   141  07FF  2FF5               	goto	l10
   142                           
   143                           	psect	text3
   144  0000                     
   145  0000                     
   146  0000                     
   147  0000                     
   148  0000                     
   149  0000                     
   150  0000                     
   151  0000                     
   152  0000                     
   153  0000                     
   154  0000                     
   155  0000                     
   156  0000                     
   157  0000                     
   158  0000                     
   159  0000                     
   160  0000                     
   161  0000                     
   162  0000                     
   163  0000                     
   164  0000                     
   165  0000                     
   166  0000                     
   167  0000                     
   168  0000                     
   169  0000                     
   170  0000                     
   171  0000                     
   172  0000                     
   173  0000                     
   174  0000                     
   175  0000                     
   176  0000                     
   177  0000                     
   178  0000                     
   179  0000                     
   180  0000                     
   181  0000                     
   182  0000                     
   183  0000                     
   184  0000                     
   185  0000                     
   186  0000                     
   187  0000                     
   188  0000                     
   189  0000                     
   190  0000                     
   191  0000                     
   192  0000                     
   193  0000                     
   194  0000                     
   195  0000                     
   196  0000                     
   197  0000                     
   198  0000                     
   199  0000                     
   200  0000                     
   201  0000                     
   202  0000                     
   203  0000                     
   204  0000                     
   205  0000                     
   206  0000                     
   207  0000                     
   208  0000                     
   209  0000                     
   210  0000                     
   211  0000                     
   212  0000                     
   213  0000                     
   214  0000                     
   215  0000                     
   216  0000                     
   217  0000                     
   218  0000                     
   219  0000                     
   220  0000                     
   221  0000                     
   222  0000                     
   223  0000                     
   224  0000                     
   225  0000                     
   226  0000                     
   227  0000                     
   228  0000                     
   229  0000                     
   230  0000                     
   231  0000                     
   232  0000                     
   233  0000                     
   234  0000                     
   235  0000                     
   236  0000                     
   237  0000                     
   238  0000                     
   239  0000                     
   240  0000                     
   241  0000                     
   242  0000                     
   243  0000                     
   244  0000                     
   245  0000                     
   246  0000                     
   247  0000                     
   248  0000                     
   249  0000                     
   250  0000                     
   251  0000                     
   252  0000                     
   253  0000                     
   254  0000                     
   255  0000                     
   256  0000                     
   257  0000                     
   258  0000                     
   259  0000                     
   260  0000                     
   261  0000                     
   262  0000                     
   263  0000                     
   264  0000                     
   265  0000                     
   266  0000                     
   267  0000                     
   268  0000                     
   269  0000                     
   270  0000                     
   271  0000                     
   272  0000                     
   273  0000                     
   274  0000                     
   275  0000                     
   276  0000                     
   277  0000                     
   278  0000                     
   279  0000                     
   280  0000                     
   281  0000                     
   282  0000                     
   283  0000                     
   284  0000                     
   285  0000                     
   286  0000                     
   287  0000                     
   288  0000                     
   289  0000                     
   290  0000                     
   291  0000                     
   292  0000                     
   293  0000                     
   294  0000                     
   295  0000                     
   296  0000                     
   297  0000                     
   298  0000                     
   299  0000                     
   300  0000                     
   301  0000                     
   302  0000                     
   303  0000                     
   304  0000                     
   305  0000                     
   306  0000                     
   307  0000                     
   308  0000                     
   309  0000                     
   310  0000                     
   311  0000                     
   312  0000                     
   313  0000                     
   314  0000                     
   315  0000                     
   316  0000                     
   317  0000                     
   318  0000                     
   319  0000                     
   320  0000                     
   321  0000                     
   322  0000                     
   323  0000                     
   324  0000                     
   325  0000                     
   326  0000                     
   327  0000                     
   328  0000                     
   329  0000                     
   330  0000                     
   331  0000                     
   332  0000                     
   333  0000                     
   334  0000                     
   335  0000                     
   336  0000                     
   337  0000                     
   338  0000                     
   339  0000                     
   340  0000                     
   341  0000                     
   342  0000                     
   343  0000                     
   344  0000                     
   345  0000                     
   346  0000                     
   347  0000                     
   348  0000                     
   349  0000                     
   350  0000                     
   351  0000                     
   352  0000                     
   353  0000                     
   354  0000                     
   355  0000                     
   356  0000                     
   357  0000                     
   358  0000                     
   359  0000                     
   360  0000                     
   361  0000                     
   362  0000                     
   363  0000                     
   364  0000                     
   365  0000                     
   366  0000                     
   367  0000                     
   368  0000                     
   369  0000                     
   370  0000                     
   371  0000                     
   372  0000                     
   373  0000                     
   374  0000                     
   375  0000                     
   376  0000                     
   377  0000                     
   378  0000                     
   379  0000                     
   380  0000                     
   381  0000                     
   382  0000                     
   383  0000                     
   384  0000                     
   385  0000                     
   386  0000                     
   387  0000                     
   388  0000                     
   389  0000                     
   390  0000                     
   391  0000                     
   392  0000                     
   393  0000                     
   394  0000                     
   395  0000                     
   396  0000                     
   397  0000                     
   398  0000                     
   399  0000                     
   400  0000                     
   401  0000                     
   402  0000                     
   403  0000                     
   404  0000                     
   405  0000                     
   406  0000                     
   407  0000                     
   408  0000                     
   409  0000                     
   410  0000                     
   411  0000                     
   412  0000                     
   413  0000                     
   414  0000                     
   415  0000                     
   416  0000                     
   417  0000                     
   418  0000                     
   419  0000                     
   420                           
   421                           	psect	temp
   422  0070                     btemp
   423  0070                     	ds	2


HI-TECH Software PICC Macro Assembler V8.05PL2
Symbol Table                                          Sat Sep 28 01:02:36 2019

   _checkkey 07F0       ?a_main 0020            l3 07D6            l5 07D8  
         l10 07F5           l14 07B6           l17 07B8           u14 07E0  
         u15 07DE         _main 07CB         btemp 0070         start 0004  
 ?a_checkkey 0021        _Delay 07B1        status 0003       ?_Delay 0022  
 used_btemp0 0001   used_btemp1 0001      ?a_Delay 0024  
