

HI-TECH Software PIC LITE Macro Assembler V9.82 build 9453 
                                                                                               Mon Dec 09 21:08:16 2019

HI-TECH Software Omniscient Code Generator (Lite mode) build 9453
     1  0000                     opt subtitle "HI-TECH Software Omniscient Code Generator (Lite mode) build 9453"
     2                           
     3                           opt pagewidth 120
     4                           
     5                           	opt lm
     6                           
     7                           	processor	16F877A
     8                           clrc	macro
     9                           	bcf	3,0
    10  0000                     	endm
    11                           clrz	macro
    12                           	bcf	3,2
    13  0000                     	endm
    14                           setc	macro
    15                           	bsf	3,0
    16  0000                     	endm
    17                           setz	macro
    18                           	bsf	3,2
    19  0000                     	endm
    20                           skipc	macro
    21                           	btfss	3,0
    22  0000                     	endm
    23                           skipz	macro
    24                           	btfss	3,2
    25  0000                     	endm
    26                           skipnc	macro
    27                           	btfsc	3,0
    28  0000                     	endm
    29                           skipnz	macro
    30                           	btfsc	3,2
    31  0000                     	endm
    32  0000                     indf	equ	0
    33  0000                     indf0	equ	0
    34  0002                     pc	equ	2
    35  0002                     pcl	equ	2
    36  0003                     status	equ	3
    37  0004                     fsr	equ	4
    38  0004                     fsr0	equ	4
    39  0001                     c	equ	1
    40  0000                     z	equ	0
    41  000A                     pclath	equ	10
    42                           	FNCALL	_main,_Delay
    43                           	FNROOT	_main
    44                           	FNCALL	_PIC_Int,_Delay1
    45                           	FNCALL	intlevel1,_PIC_Int
    46                           	global	intlevel1
    47                           	FNROOT	intlevel1
    48                           	global	_LED
    49                           psect	strings,class=STRING,delta=2
    50                           global __pstrings
    51  0150                     __pstrings:
    52                           ;	global	stringdir,stringtab,__stringbase
    53  0150                     stringtab:
    54                           ;	String table - string pointers are 1 byte each
    55  0150                     stringcode:stringdir:
      + 0150                     stringdir:	
    56  0150  3001               movlw high(stringdir)
    57  0151  008A               movwf pclath
    58  0152  0804               movf fsr,w
    59  0153  0A84               incf fsr
    60  0154  0782               	addwf pc
    61  0155                     __stringbase:
    62  0155  3400               	retlw	0
    63                           psect	strings
    64                           	file	"E:\#Programming\Electronics\MPLAB\PIC_Experiment_3A\expt3\think.c"
    65                           	line	6
    66  0156                     _LED:
    67  0156  343F               	retlw	03Fh
    68  0157  3406               	retlw	06h
    69  0158  345B               	retlw	05Bh
    70  0159  344F               	retlw	04Fh
    71  015A  3466               	retlw	066h
    72  015B  346D               	retlw	06Dh
    73  015C  347D               	retlw	07Dh
    74  015D  3407               	retlw	07h
    75  015E  347F               	retlw	07Fh
    76  015F  346F               	retlw	06Fh
    77                           	global	_LED
    78                           	global	_PORTD
    79  0008                     _PORTD	set	8
    80                           	global	_CARRY
    81  0018                     _CARRY	set	24
    82                           	global	_GIE
    83  005F                     _GIE	set	95
    84                           	global	_INTE
    85  005C                     _INTE	set	92
    86                           	global	_INTF
    87  0059                     _INTF	set	89
    88                           	global	_RA1
    89  0029                     _RA1	set	41
    90                           	global	_RA5
    91  002D                     _RA5	set	45
    92                           	global	_RB5
    93  0035                     _RB5	set	53
    94                           	global	_RBIE
    95  005B                     _RBIE	set	91
    96                           	global	_RBIF
    97  0058                     _RBIF	set	88
    98                           	global	_ADCON1
    99  009F                     _ADCON1	set	159
   100                           	global	_TRISA
   101  0085                     _TRISA	set	133
   102                           	global	_TRISB
   103  0086                     _TRISB	set	134
   104                           	global	_TRISD
   105  0088                     _TRISD	set	136
   106                           	global	_INTEDG
   107  040E                     _INTEDG	set	1038
   108                           	global	_EEADR
   109  010D                     _EEADR	set	269
   110                           	global	_EEDATA
   111  010C                     _EEDATA	set	268
   112                           	global	_EECON1
   113  018C                     _EECON1	set	396
   114                           	global	_EECON2
   115  018D                     _EECON2	set	397
   116                           	global	_RD
   117  0C60                     _RD	set	3168
   118                           	global	_WR
   119  0C61                     _WR	set	3169
   120                           	global	_WREN
   121  0C62                     _WREN	set	3170
   122                           	file	"expt3.as"
   123                           	line	#
   124                           psect cinit,class=CODE,delta=2
   125                           global start_initialization
   126  0160                     start_initialization:
   127                           
   128                           psect cinit,class=CODE,delta=2
   129                           global end_of_initialization
   130                           
   131                           ;End of C runtime variable initialization code
   132                           
   133  0160                     end_of_initialization:
   134  0160  0183               clrf status
   135  0161  120A  118A  2898   ljmp _main	;jump to C main() function
   136                           psect	cstackCOMMON,class=COMMON,space=1
   137                           global __pcstackCOMMON
   138  0070                     __pcstackCOMMON:
   139                           	global	?_Delay1
   140  0070                     ?_Delay1:	; 0 bytes @ 0x0
   141                           	global	?_main
   142  0070                     ?_main:	; 0 bytes @ 0x0
   143                           	global	?_PIC_Int
   144  0070                     ?_PIC_Int:	; 0 bytes @ 0x0
   145                           	global	Delay1@delay
   146  0070                     Delay1@delay:	; 2 bytes @ 0x0
   147  0070                     	ds	2
   148                           	global	??_Delay1
   149  0072                     ??_Delay1:	; 0 bytes @ 0x2
   150                           	global	Delay1@i
   151  0072                     Delay1@i:	; 2 bytes @ 0x2
   152  0072                     	ds	2
   153                           	global	??_PIC_Int
   154  0074                     ??_PIC_Int:	; 0 bytes @ 0x4
   155  0074                     	ds	4
   156                           	global	PIC_Int@i
   157  0078                     PIC_Int@i:	; 2 bytes @ 0x8
   158  0078                     	ds	2
   159                           psect	cstackBANK0,class=BANK0,space=1
   160                           global __pcstackBANK0
   161  0020                     __pcstackBANK0:
   162                           	global	?_Delay
   163  0020                     ?_Delay:	; 0 bytes @ 0x0
   164                           	global	Delay@delay
   165  0020                     Delay@delay:	; 2 bytes @ 0x0
   166  0020                     	ds	2
   167                           	global	??_Delay
   168  0022                     ??_Delay:	; 0 bytes @ 0x2
   169                           	global	Delay@i
   170  0022                     Delay@i:	; 2 bytes @ 0x2
   171  0022                     	ds	2
   172                           	global	??_main
   173  0024                     ??_main:	; 0 bytes @ 0x4
   174  0024                     	ds	1
   175                           	global	main@i
   176  0025                     main@i:	; 2 bytes @ 0x5
   177  0025                     	ds	2
   178 ;;Data sizes: Strings 0, constant 10, data 0, bss 0, persistent 0 stack 0
   179 ;;Auto spaces:   Size  Autos    Used
   180 ;; COMMON          14     10      10
   181 ;; BANK0           80      7       7
   182 ;; BANK1           80      0       0
   183 ;; BANK3           96      0       0
   184 ;; BANK2           96      0       0
   185                           
   186 ;;
   187 ;; Pointer list with targets:
   188                           
   189                           
   190                           
   191 ;;
   192 ;; Critical Paths under _main in COMMON
   193 ;;
   194 ;;   None.
   195 ;;
   196 ;; Critical Paths under _PIC_Int in COMMON
   197 ;;
   198 ;;   _PIC_Int->_Delay1
   199 ;;
   200 ;; Critical Paths under _main in BANK0
   201 ;;
   202 ;;   _main->_Delay
   203 ;;
   204 ;; Critical Paths under _PIC_Int in BANK0
   205 ;;
   206 ;;   None.
   207 ;;
   208 ;; Critical Paths under _main in BANK1
   209 ;;
   210 ;;   None.
   211 ;;
   212 ;; Critical Paths under _PIC_Int in BANK1
   213 ;;
   214 ;;   None.
   215 ;;
   216 ;; Critical Paths under _main in BANK3
   217 ;;
   218 ;;   None.
   219 ;;
   220 ;; Critical Paths under _PIC_Int in BANK3
   221 ;;
   222 ;;   None.
   223 ;;
   224 ;; Critical Paths under _main in BANK2
   225 ;;
   226 ;;   None.
   227 ;;
   228 ;; Critical Paths under _PIC_Int in BANK2
   229 ;;
   230 ;;   None.
   231                           
   232 ;;
   233 ;;Main: autosize = 0, tempsize = 1, incstack = 0, save=0
   234 ;;
   235                           
   236 ;;
   237 ;;Call Graph Tables:
   238 ;;
   239 ;; ---------------------------------------------------------------------------------
   240 ;; (Depth) Function   	        Calls       Base Space   Used Autos Params    Refs
   241 ;; ---------------------------------------------------------------------------------
   242 ;; (0) _main                                                 3     3      0     159
   243 ;;                                              4 BANK0      3     3      0
   244 ;;                              _Delay
   245 ;; ---------------------------------------------------------------------------------
   246 ;; (1) _Delay                                                4     2      2      91
   247 ;;                                              0 BANK0      4     2      2
   248 ;; ---------------------------------------------------------------------------------
   249 ;; Estimated maximum stack depth 1
   250 ;; ---------------------------------------------------------------------------------
   251 ;; (Depth) Function   	        Calls       Base Space   Used Autos Params    Refs
   252 ;; ---------------------------------------------------------------------------------
   253 ;; (2) _PIC_Int                                              6     6      0     135
   254 ;;                                              4 COMMON     6     6      0
   255 ;;                             _Delay1
   256 ;; ---------------------------------------------------------------------------------
   257 ;; (3) _Delay1                                               4     2      2      60
   258 ;;                                              0 COMMON     4     2      2
   259 ;; ---------------------------------------------------------------------------------
   260 ;; Estimated maximum stack depth 3
   261 ;; ---------------------------------------------------------------------------------
   262                           
   263 ;; Call Graph Graphs:
   264                           
   265 ;; _main (ROOT)
   266 ;;   _Delay
   267 ;;
   268 ;; _PIC_Int (ROOT)
   269 ;;   _Delay1
   270 ;;
   271                           
   272 ;; Address spaces:
   273                           
   274 ;;Name               Size   Autos  Total    Cost      Usage
   275 ;;BITCOMMON            E      0       0       0        0.0%
   276 ;;EEDATA             100      0       0       0        0.0%
   277 ;;NULL                 0      0       0       0        0.0%
   278 ;;CODE                 0      0       0       0        0.0%
   279 ;;COMMON               E      A       A       1       71.4%
   280 ;;BITSFR0              0      0       0       1        0.0%
   281 ;;SFR0                 0      0       0       1        0.0%
   282 ;;BITSFR1              0      0       0       2        0.0%
   283 ;;SFR1                 0      0       0       2        0.0%
   284 ;;STACK                0      0       5       2        0.0%
   285 ;;ABS                  0      0       0       3        0.0%
   286 ;;BITBANK0            50      0       0       4        0.0%
   287 ;;BITSFR3              0      0       0       4        0.0%
   288 ;;SFR3                 0      0       0       4        0.0%
   289 ;;BANK0               50      7       7       5        8.8%
   290 ;;BITSFR2              0      0       0       5        0.0%
   291 ;;SFR2                 0      0       0       5        0.0%
   292 ;;BITBANK1            50      0       0       6        0.0%
   293 ;;BANK1               50      0       0       7        0.0%
   294 ;;BITBANK3            60      0       0       8        0.0%
   295 ;;BANK3               60      0       0       9        0.0%
   296 ;;BITBANK2            60      0       0      10        0.0%
   297 ;;BANK2               60      0       0      11        0.0%
   298 ;;DATA                 0      0       0      12        0.0%
   299                           
   300                           	global	_main
   301                           psect	maintext,global,class=CODE,delta=2
   302                           global __pmaintext
   303  0098                     __pmaintext:
   304                           
   305 ;; *************** function _main *****************
   306 ;; Defined at:
   307 ;;		line 20 in file "E:\#Programming\Electronics\MPLAB\PIC_Experiment_3A\expt3\think.c"
   308 ;; Parameters:    Size  Location     Type
   309 ;;		None
   310 ;; Auto vars:     Size  Location     Type
   311 ;;  i               2    5[BANK0 ] unsigned int 
   312 ;; Return value:  Size  Location     Type
   313 ;;		None               void
   314 ;; Registers used:
   315 ;;		wreg, status,2, status,0, pclath, cstack
   316 ;; Tracked objects:
   317 ;;		On entry : 17F/0
   318 ;;		On exit  : 0/0
   319 ;;		Unchanged: 0/0
   320 ;; Data sizes:     COMMON   BANK0   BANK1   BANK3   BANK2
   321 ;;      Params:         0       0       0       0       0
   322 ;;      Locals:         0       2       0       0       0
   323 ;;      Temps:          0       1       0       0       0
   324 ;;      Totals:         0       3       0       0       0
   325 ;;Total ram usage:        3 bytes
   326 ;; Hardware stack levels required when called:    3
   327 ;; This function calls:
   328 ;;		_Delay
   329 ;; This function is called by:
   330 ;;		Startup code after reset
   331 ;; This function uses a non-reentrant model
   332 ;;
   333                           psect	maintext
   334                           	file	"E:\#Programming\Electronics\MPLAB\PIC_Experiment_3A\expt3\think.c"
   335                           	line	20
   336                           	global	__size_of_main
   337  0050                     	__size_of_main	equ	__end_of_main-_main
   338                           	
   339  0098                     _main:	
   340                           	opt	stack 5
   341                           ; Regs used in _main: [wreg+status,2+status,0+pclath+cstack]
   342                           	line	21
   343                           	
   344  0098                     l2751:	
   345                           ;think.c: 21: ADCON1 = (ADCON1&0b11110000)|0b00000111;
   346  0098  1683               	bsf	status, 5	;RP0=1, select bank1
   347  0099  1303               	bcf	status, 6	;RP1=0, select bank1
   348  009A  081F               	movf	(159)^080h,w
   349  009B  39F0               	andlw	0F0h
   350  009C  3807               	iorlw	07h
   351  009D  009F               	movwf	(159)^080h	;volatile
   352                           	line	22
   353                           ;think.c: 22: TRISB = (TRISB&0b11011110)|0b00100001;
   354  009E  0806               	movf	(134)^080h,w
   355  009F  39DE               	andlw	0DEh
   356  00A0  3821               	iorlw	021h
   357  00A1  0086               	movwf	(134)^080h	;volatile
   358                           	line	23
   359                           	
   360  00A2                     l2753:	
   361                           ;think.c: 23: TRISD = 0x00;
   362  00A2  0188               	clrf	(136)^080h	;volatile
   363                           	line	24
   364                           	
   365  00A3                     l2755:	
   366                           ;think.c: 24: TRISA = TRISA&0b11011101;
   367  00A3  0805               	movf	(133)^080h,w
   368  00A4  39DD               	andlw	0DDh
   369  00A5  0085               	movwf	(133)^080h	;volatile
   370                           	line	27
   371                           	
   372  00A6                     l2757:	
   373                           ;think.c: 27: INTEDG = 1;
   374  00A6  1701               	bsf	(1038/8)^080h,(1038)&7
   375                           	line	28
   376                           	
   377  00A7                     l2759:	
   378                           ;think.c: 28: RBIE = 1;
   379  00A7  158B               	bsf	(91/8),(91)&7
   380                           	line	29
   381                           	
   382  00A8                     l2761:	
   383                           ;think.c: 29: RBIF = 0;
   384  00A8  100B               	bcf	(88/8),(88)&7
   385                           	line	30
   386                           	
   387  00A9                     l2763:	
   388                           ;think.c: 30: INTE = 1;
   389  00A9  160B               	bsf	(92/8),(92)&7
   390                           	line	31
   391                           	
   392  00AA                     l2765:	
   393                           ;think.c: 31: INTF = 0;
   394  00AA  108B               	bcf	(89/8),(89)&7
   395                           	line	32
   396                           	
   397  00AB                     l2767:	
   398                           ;think.c: 32: GIE = 1;
   399  00AB  178B               	bsf	(95/8),(95)&7
   400                           	line	33
   401                           	
   402  00AC                     l2769:	
   403                           ;think.c: 33: RA1 = 1;
   404  00AC  1283               	bcf	status, 5	;RP0=0, select bank0
   405  00AD  1303               	bcf	status, 6	;RP1=0, select bank0
   406  00AE  1485               	bsf	(41/8),(41)&7
   407                           	line	34
   408                           	
   409  00AF                     l2771:	
   410                           ;think.c: 34: RA5 = 0;
   411  00AF  1285               	bcf	(45/8),(45)&7
   412                           	line	36
   413                           ;think.c: 36: while(1){
   414                           	
   415  00B0                     l691:	
   416                           	line	38
   417                           ;think.c: 37: unsigned int i;
   418                           ;think.c: 38: for(i=0; i<8; i++)
   419  00B0  01A5               	clrf	(main@i)
   420  00B1  01A6               	clrf	(main@i+1)
   421                           	
   422  00B2                     l2773:	
   423  00B2  3000               	movlw	high(08h)
   424  00B3  0226               	subwf	(main@i+1),w
   425  00B4  3008               	movlw	low(08h)
   426  00B5  1903               	skipnz
   427  00B6  0225               	subwf	(main@i),w
   428  00B7  1C03               	skipc
   429  00B8  28BA               	goto	u2441
   430  00B9  28BB               	goto	u2440
   431  00BA                     u2441:
   432  00BA  28BD               	goto	l2777
   433  00BB                     u2440:
   434  00BB  28B0               	goto	l691
   435                           	
   436  00BC                     l2775:	
   437  00BC  28B0               	goto	l691
   438                           	line	39
   439                           	
   440  00BD                     l692:	
   441                           	line	40
   442                           	
   443  00BD                     l2777:	
   444                           ;think.c: 39: {
   445                           ;think.c: 40: PORTD=(0x01<<i);
   446  00BD  3001               	movlw	(01h)
   447  00BE  00A4               	movwf	(??_main+0)+0
   448  00BF  0A25               	incf	(main@i),w
   449  00C0  28C3               	goto	u2454
   450  00C1                     u2455:
   451  00C1  1003               	clrc
   452  00C2  0DA4               	rlf	(??_main+0)+0,f
   453  00C3                     u2454:
   454  00C3  3EFF               	addlw	-1
   455  00C4  1D03               	skipz
   456  00C5  28C1               	goto	u2455
   457  00C6  0824               	movf	0+(??_main+0)+0,w
   458  00C7  0088               	movwf	(8)	;volatile
   459                           	line	41
   460                           	
   461  00C8                     l2779:	
   462                           ;think.c: 41: Delay(1000);
   463  00C8  30E8               	movlw	low(03E8h)
   464  00C9  00A0               	movwf	(?_Delay)
   465  00CA  3003               	movlw	high(03E8h)
   466  00CB  00A1               	movwf	((?_Delay))+1
   467  00CC  120A  118A  20E8   	fcall	_Delay
              120A  118A         
   468                           	line	38
   469                           	
   470  00D1                     l2781:	
   471  00D1  3001               	movlw	low(01h)
   472  00D2  1283               	bcf	status, 5	;RP0=0, select bank0
   473  00D3  1303               	bcf	status, 6	;RP1=0, select bank0
   474  00D4  07A5               	addwf	(main@i),f
   475  00D5  1803               	skipnc
   476  00D6  0AA6               	incf	(main@i+1),f
   477  00D7  3000               	movlw	high(01h)
   478  00D8  07A6               	addwf	(main@i+1),f
   479                           	
   480  00D9                     l2783:	
   481  00D9  3000               	movlw	high(08h)
   482  00DA  0226               	subwf	(main@i+1),w
   483  00DB  3008               	movlw	low(08h)
   484  00DC  1903               	skipnz
   485  00DD  0225               	subwf	(main@i),w
   486  00DE  1C03               	skipc
   487  00DF  28E1               	goto	u2461
   488  00E0  28E2               	goto	u2460
   489  00E1                     u2461:
   490  00E1  28BD               	goto	l2777
   491  00E2                     u2460:
   492  00E2  28B0               	goto	l691
   493                           	
   494  00E3                     l693:	
   495  00E3  28B0               	goto	l691
   496                           	line	43
   497                           	
   498  00E4                     l694:	
   499                           	line	36
   500  00E4  28B0               	goto	l691
   501                           	
   502  00E5                     l695:	
   503                           	line	44
   504                           	
   505  00E5                     l696:	
   506                           	global	start
   507  00E5  120A  118A  2812   	ljmp	start
   508                           	opt stack 0
   509                           GLOBAL	__end_of_main
   510  00E8                     	__end_of_main:
   511 ;; =============== function _main ends ============
   512                           
   513                           	signat	_main,88
   514                           	global	_Delay
   515                           psect	text134,local,class=CODE,delta=2
   516                           global __ptext134
   517  00E8                     __ptext134:
   518                           
   519 ;; *************** function _Delay *****************
   520 ;; Defined at:
   521 ;;		line 83 in file "E:\#Programming\Electronics\MPLAB\PIC_Experiment_3A\expt3\think.c"
   522 ;; Parameters:    Size  Location     Type
   523 ;;  delay           2    0[BANK0 ] unsigned int 
   524 ;; Auto vars:     Size  Location     Type
   525 ;;  i               2    2[BANK0 ] unsigned int 
   526 ;; Return value:  Size  Location     Type
   527 ;;		None               void
   528 ;; Registers used:
   529 ;;		wreg, status,2, status,0
   530 ;; Tracked objects:
   531 ;;		On entry : 0/0
   532 ;;		On exit  : 0/0
   533 ;;		Unchanged: 0/0
   534 ;; Data sizes:     COMMON   BANK0   BANK1   BANK3   BANK2
   535 ;;      Params:         0       2       0       0       0
   536 ;;      Locals:         0       2       0       0       0
   537 ;;      Temps:          0       0       0       0       0
   538 ;;      Totals:         0       4       0       0       0
   539 ;;Total ram usage:        4 bytes
   540 ;; Hardware stack levels used:    1
   541 ;; Hardware stack levels required when called:    2
   542 ;; This function calls:
   543 ;;		Nothing
   544 ;; This function is called by:
   545 ;;		_main
   546 ;; This function uses a non-reentrant model
   547 ;;
   548                           psect	text134
   549                           	file	"E:\#Programming\Electronics\MPLAB\PIC_Experiment_3A\expt3\think.c"
   550                           	line	83
   551                           	global	__size_of_Delay
   552  0035                     	__size_of_Delay	equ	__end_of_Delay-_Delay
   553                           	
   554  00E8                     _Delay:	
   555                           	opt	stack 5
   556                           ; Regs used in _Delay: [wreg+status,2+status,0]
   557                           	line	85
   558                           	
   559  00E8                     l2735:	
   560                           ;think.c: 84: unsigned int i;
   561                           ;think.c: 85: for (;delay>0; delay--)
   562  00E8  1283               	bcf	status, 5	;RP0=0, select bank0
   563  00E9  1303               	bcf	status, 6	;RP1=0, select bank0
   564  00EA  0821               	movf	((Delay@delay+1)),w
   565  00EB  0420               	iorwf	((Delay@delay)),w
   566  00EC  1D03               	skipz
   567  00ED  28EF               	goto	u2401
   568  00EE  28F0               	goto	u2400
   569  00EF                     u2401:
   570  00EF  28F2               	goto	l2739
   571  00F0                     u2400:
   572  00F0  291C               	goto	l713
   573                           	
   574  00F1                     l2737:	
   575  00F1  291C               	goto	l713
   576                           	line	86
   577                           	
   578  00F2                     l709:	
   579                           	
   580  00F2                     l2739:	
   581                           ;think.c: 86: for (i=0; i<45; i++);
   582  00F2  01A2               	clrf	(Delay@i)
   583  00F3  01A3               	clrf	(Delay@i+1)
   584                           	
   585  00F4                     l2741:	
   586  00F4  3000               	movlw	high(02Dh)
   587  00F5  0223               	subwf	(Delay@i+1),w
   588  00F6  302D               	movlw	low(02Dh)
   589  00F7  1903               	skipnz
   590  00F8  0222               	subwf	(Delay@i),w
   591  00F9  1C03               	skipc
   592  00FA  28FC               	goto	u2411
   593  00FB  28FD               	goto	u2410
   594  00FC                     u2411:
   595  00FC  28FF               	goto	l2745
   596  00FD                     u2410:
   597  00FD  290F               	goto	l2747
   598                           	
   599  00FE                     l2743:	
   600  00FE  290F               	goto	l2747
   601                           	
   602  00FF                     l711:	
   603                           	
   604  00FF                     l2745:	
   605  00FF  3001               	movlw	low(01h)
   606  0100  07A2               	addwf	(Delay@i),f
   607  0101  1803               	skipnc
   608  0102  0AA3               	incf	(Delay@i+1),f
   609  0103  3000               	movlw	high(01h)
   610  0104  07A3               	addwf	(Delay@i+1),f
   611  0105  3000               	movlw	high(02Dh)
   612  0106  0223               	subwf	(Delay@i+1),w
   613  0107  302D               	movlw	low(02Dh)
   614  0108  1903               	skipnz
   615  0109  0222               	subwf	(Delay@i),w
   616  010A  1C03               	skipc
   617  010B  290D               	goto	u2421
   618  010C  290E               	goto	u2420
   619  010D                     u2421:
   620  010D  28FF               	goto	l2745
   621  010E                     u2420:
   622  010E  290F               	goto	l2747
   623                           	
   624  010F                     l712:	
   625                           	line	85
   626                           	
   627  010F                     l2747:	
   628  010F  3001               	movlw	low(01h)
   629  0110  02A0               	subwf	(Delay@delay),f
   630  0111  3000               	movlw	high(01h)
   631  0112  1C03               	skipc
   632  0113  03A1               	decf	(Delay@delay+1),f
   633  0114  02A1               	subwf	(Delay@delay+1),f
   634                           	
   635  0115                     l2749:	
   636  0115  0821               	movf	((Delay@delay+1)),w
   637  0116  0420               	iorwf	((Delay@delay)),w
   638  0117  1D03               	skipz
   639  0118  291A               	goto	u2431
   640  0119  291B               	goto	u2430
   641  011A                     u2431:
   642  011A  28F2               	goto	l2739
   643  011B                     u2430:
   644  011B  291C               	goto	l713
   645                           	
   646  011C                     l710:	
   647                           	line	88
   648                           	
   649  011C                     l713:	
   650  011C  0008               	return
   651                           	opt stack 0
   652                           GLOBAL	__end_of_Delay
   653  011D                     	__end_of_Delay:
   654 ;; =============== function _Delay ends ============
   655                           
   656                           	signat	_Delay,4216
   657                           	global	_PIC_Int
   658                           psect	text135,local,class=CODE,delta=2
   659                           global __ptext135
   660  0015                     __ptext135:
   661                           
   662 ;; *************** function _PIC_Int *****************
   663 ;; Defined at:
   664 ;;		line 47 in file "E:\#Programming\Electronics\MPLAB\PIC_Experiment_3A\expt3\think.c"
   665 ;; Parameters:    Size  Location     Type
   666 ;;		None
   667 ;; Auto vars:     Size  Location     Type
   668 ;;  i               2    8[COMMON] unsigned int 
   669 ;; Return value:  Size  Location     Type
   670 ;;		None               void
   671 ;; Registers used:
   672 ;;		wreg, fsr0l, fsr0h, fsr1l, fsr1h, status,2, status,0, btemp+1, pclath, cstack
   673 ;; Tracked objects:
   674 ;;		On entry : 0/0
   675 ;;		On exit  : 0/0
   676 ;;		Unchanged: 0/0
   677 ;; Data sizes:     COMMON   BANK0   BANK1   BANK3   BANK2
   678 ;;      Params:         0       0       0       0       0
   679 ;;      Locals:         2       0       0       0       0
   680 ;;      Temps:          4       0       0       0       0
   681 ;;      Totals:         6       0       0       0       0
   682 ;;Total ram usage:        6 bytes
   683 ;; Hardware stack levels used:    1
   684 ;; Hardware stack levels required when called:    1
   685 ;; This function calls:
   686 ;;		_Delay1
   687 ;; This function is called by:
   688 ;;		Interrupt level 1
   689 ;; This function uses a non-reentrant model
   690 ;;
   691                           psect	text135
   692                           	file	"E:\#Programming\Electronics\MPLAB\PIC_Experiment_3A\expt3\think.c"
   693                           	line	47
   694                           	global	__size_of_PIC_Int
   695  0083                     	__size_of_PIC_Int	equ	__end_of_PIC_Int-_PIC_Int
   696                           	
   697  0015                     _PIC_Int:	
   698                           	opt	stack 5
   699                           ; Regs used in _PIC_Int: [allreg]
   700                           psect	intentry,class=CODE,delta=2
   701                           global __pintentry
   702  0004                     __pintentry:
   703                           global interrupt_function
   704  0004                     interrupt_function:
   705                           	global saved_w
   706  007E                     	saved_w	set	btemp+0
   707  0004  00FE               	movwf	saved_w
   708  0005  0E03               	swapf	status,w
   709  0006  00F4               	movwf	(??_PIC_Int+0)
   710  0007  0804               	movf	fsr0,w
   711  0008  00F5               	movwf	(??_PIC_Int+1)
   712  0009  080A               	movf	pclath,w
   713  000A  00F6               	movwf	(??_PIC_Int+2)
   714  000B  1283               	bcf	status, 5	;RP0=0, select bank0
   715  000C  1303               	bcf	status, 6	;RP1=0, select bank0
   716  000D  087F               	movf	btemp+1,w
   717  000E  00F7               	movwf	(??_PIC_Int+3)
   718  000F  120A  118A  2815   	ljmp	_PIC_Int
   719                           psect	text135
   720                           	line	51
   721                           	
   722  0015                     i1l1783:	
   723                           ;think.c: 48: unsigned int i;
   724                           ;think.c: 51: if(INTF) {
   725  0015  1C8B               	btfss	(89/8),(89)&7
   726  0016  2818               	goto	u5_21
   727  0017  2819               	goto	u5_20
   728  0018                     u5_21:
   729  0018  2844               	goto	i1l699
   730  0019                     u5_20:
   731                           	line	52
   732                           	
   733  0019                     i1l1785:	
   734                           ;think.c: 52: PORTD=0x00;
   735  0019  0188               	clrf	(8)	;volatile
   736                           	line	54
   737                           ;think.c: 54: for(i=0; i<10; i++)
   738  001A  01F8               	clrf	(PIC_Int@i)
   739  001B  01F9               	clrf	(PIC_Int@i+1)
   740                           	
   741  001C                     i1l1787:	
   742  001C  3000               	movlw	high(0Ah)
   743  001D  0279               	subwf	(PIC_Int@i+1),w
   744  001E  300A               	movlw	low(0Ah)
   745  001F  1903               	skipnz
   746  0020  0278               	subwf	(PIC_Int@i),w
   747  0021  1C03               	skipc
   748  0022  2824               	goto	u6_21
   749  0023  2825               	goto	u6_20
   750  0024                     u6_21:
   751  0024  2827               	goto	i1l700
   752  0025                     u6_20:
   753  0025  2889               	goto	i1l1823
   754                           	
   755  0026                     i1l1789:	
   756  0026  2889               	goto	i1l1823
   757                           	line	55
   758                           	
   759  0027                     i1l700:	
   760                           	line	56
   761                           ;think.c: 55: {
   762                           ;think.c: 56: PORTD=~PORTD;
   763  0027  1283               	bcf	status, 5	;RP0=0, select bank0
   764  0028  1303               	bcf	status, 6	;RP1=0, select bank0
   765  0029  0988               	comf	(8),f	;volatile
   766                           	line	57
   767                           	
   768  002A                     i1l1791:	
   769                           ;think.c: 57: Delay1(150);
   770  002A  3096               	movlw	low(096h)
   771  002B  00F0               	movwf	(?_Delay1)
   772  002C  3000               	movlw	high(096h)
   773  002D  00F1               	movwf	((?_Delay1))+1
   774  002E  120A  118A  211D   	fcall	_Delay1
              120A  118A         
   775                           	line	54
   776                           	
   777  0033                     i1l1793:	
   778  0033  3001               	movlw	low(01h)
   779  0034  07F8               	addwf	(PIC_Int@i),f
   780  0035  1803               	skipnc
   781  0036  0AF9               	incf	(PIC_Int@i+1),f
   782  0037  3000               	movlw	high(01h)
   783  0038  07F9               	addwf	(PIC_Int@i+1),f
   784                           	
   785  0039                     i1l1795:	
   786  0039  3000               	movlw	high(0Ah)
   787  003A  0279               	subwf	(PIC_Int@i+1),w
   788  003B  300A               	movlw	low(0Ah)
   789  003C  1903               	skipnz
   790  003D  0278               	subwf	(PIC_Int@i),w
   791  003E  1C03               	skipc
   792  003F  2841               	goto	u7_21
   793  0040  2842               	goto	u7_20
   794  0041                     u7_21:
   795  0041  2827               	goto	i1l700
   796  0042                     u7_20:
   797  0042  2889               	goto	i1l1823
   798                           	
   799  0043                     i1l701:	
   800                           	line	60
   801                           ;think.c: 58: }
   802                           ;think.c: 60: }
   803  0043  2889               	goto	i1l1823
   804                           	line	62
   805                           	
   806  0044                     i1l699:	
   807                           ;think.c: 62: else if(RBIF && !RB5) {
   808  0044  1C0B               	btfss	(88/8),(88)&7
   809  0045  2847               	goto	u8_21
   810  0046  2848               	goto	u8_20
   811  0047                     u8_21:
   812  0047  2889               	goto	i1l1823
   813  0048                     u8_20:
   814                           	
   815  0048                     i1l1797:	
   816  0048  1A86               	btfsc	(53/8),(53)&7
   817  0049  284B               	goto	u9_21
   818  004A  284C               	goto	u9_20
   819  004B                     u9_21:
   820  004B  2889               	goto	i1l1823
   821  004C                     u9_20:
   822                           	line	63
   823                           	
   824  004C                     i1l1799:	
   825                           ;think.c: 63: PORTD=0x00;
   826  004C  0188               	clrf	(8)	;volatile
   827                           	line	64
   828                           	
   829  004D                     i1l1801:	
   830                           ;think.c: 64: RA1 = 0;
   831  004D  1085               	bcf	(41/8),(41)&7
   832                           	line	65
   833                           	
   834  004E                     i1l1803:	
   835                           ;think.c: 65: RA5 = 1;
   836  004E  1685               	bsf	(45/8),(45)&7
   837                           	line	67
   838                           ;think.c: 67: for(i=0; i<6; i++) {
   839  004F  01F8               	clrf	(PIC_Int@i)
   840  0050  01F9               	clrf	(PIC_Int@i+1)
   841                           	
   842  0051                     i1l1805:	
   843  0051  3000               	movlw	high(06h)
   844  0052  0279               	subwf	(PIC_Int@i+1),w
   845  0053  3006               	movlw	low(06h)
   846  0054  1903               	skipnz
   847  0055  0278               	subwf	(PIC_Int@i),w
   848  0056  1C03               	skipc
   849  0057  2859               	goto	u10_21
   850  0058  285A               	goto	u10_20
   851  0059                     u10_21:
   852  0059  285C               	goto	i1l1809
   853  005A                     u10_20:
   854  005A  2882               	goto	i1l1817
   855                           	
   856  005B                     i1l1807:	
   857  005B  2882               	goto	i1l1817
   858                           	
   859  005C                     i1l704:	
   860                           	line	68
   861                           	
   862  005C                     i1l1809:	
   863                           ;think.c: 68: PORTD = LED[5-i];
   864  005C  0378               	decf	(PIC_Int@i),w
   865  005D  3AFF               	xorlw	0ffh
   866  005E  3E05               	addlw	05h
   867  005F  3E01               	addlw	low((_LED-__stringbase))
   868  0060  0084               	movwf	fsr0
   869  0061  120A  118A  2150   	fcall	stringdir
              120A  118A         
   870  0066  1283               	bcf	status, 5	;RP0=0, select bank0
   871  0067  1303               	bcf	status, 6	;RP1=0, select bank0
   872  0068  0088               	movwf	(8)	;volatile
   873                           	line	69
   874                           	
   875  0069                     i1l1811:	
   876                           ;think.c: 69: Delay1(300);
   877  0069  302C               	movlw	low(012Ch)
   878  006A  00F0               	movwf	(?_Delay1)
   879  006B  3001               	movlw	high(012Ch)
   880  006C  00F1               	movwf	((?_Delay1))+1
   881  006D  120A  118A  211D   	fcall	_Delay1
              120A  118A         
   882                           	line	67
   883                           	
   884  0072                     i1l1813:	
   885  0072  3001               	movlw	low(01h)
   886  0073  07F8               	addwf	(PIC_Int@i),f
   887  0074  1803               	skipnc
   888  0075  0AF9               	incf	(PIC_Int@i+1),f
   889  0076  3000               	movlw	high(01h)
   890  0077  07F9               	addwf	(PIC_Int@i+1),f
   891                           	
   892  0078                     i1l1815:	
   893  0078  3000               	movlw	high(06h)
   894  0079  0279               	subwf	(PIC_Int@i+1),w
   895  007A  3006               	movlw	low(06h)
   896  007B  1903               	skipnz
   897  007C  0278               	subwf	(PIC_Int@i),w
   898  007D  1C03               	skipc
   899  007E  2880               	goto	u11_21
   900  007F  2881               	goto	u11_20
   901  0080                     u11_21:
   902  0080  285C               	goto	i1l1809
   903  0081                     u11_20:
   904  0081  2882               	goto	i1l1817
   905                           	
   906  0082                     i1l705:	
   907                           	line	71
   908                           	
   909  0082                     i1l1817:	
   910                           ;think.c: 70: }
   911                           ;think.c: 71: PORTD=0x00;
   912  0082  1283               	bcf	status, 5	;RP0=0, select bank0
   913  0083  1303               	bcf	status, 6	;RP1=0, select bank0
   914  0084  0188               	clrf	(8)	;volatile
   915                           	line	72
   916                           	
   917  0085                     i1l1819:	
   918                           ;think.c: 72: RA1 = 1;
   919  0085  1485               	bsf	(41/8),(41)&7
   920                           	line	73
   921                           	
   922  0086                     i1l1821:	
   923                           ;think.c: 73: RA5 = 0;
   924  0086  1285               	bcf	(45/8),(45)&7
   925  0087  2889               	goto	i1l1823
   926                           	line	76
   927                           	
   928  0088                     i1l703:	
   929  0088  2889               	goto	i1l1823
   930                           	line	77
   931                           	
   932  0089                     i1l702:	
   933                           	
   934  0089                     i1l1823:	
   935                           ;think.c: 76: }
   936                           ;think.c: 77: INTF = 0;
   937  0089  108B               	bcf	(89/8),(89)&7
   938                           	line	78
   939                           	
   940  008A                     i1l1825:	
   941                           ;think.c: 78: RBIF = 0;
   942  008A  100B               	bcf	(88/8),(88)&7
   943                           	line	79
   944                           	
   945  008B                     i1l706:	
   946  008B  0877               	movf	(??_PIC_Int+3),w
   947  008C  1283               	bcf	status, 5	;RP0=0, select bank0
   948  008D  1303               	bcf	status, 6	;RP1=0, select bank0
   949  008E  00FF               	movwf	btemp+1
   950  008F  0876               	movf	(??_PIC_Int+2),w
   951  0090  008A               	movwf	pclath
   952  0091  0875               	movf	(??_PIC_Int+1),w
   953  0092  0084               	movwf	fsr0
   954  0093  0E74               	swapf	(??_PIC_Int+0)^0FFFFFF80h,w
   955  0094  0083               	movwf	status
   956  0095  0EFE               	swapf	saved_w,f
   957  0096  0E7E               	swapf	saved_w,w
   958  0097  0009               	retfie
   959                           	opt stack 0
   960                           GLOBAL	__end_of_PIC_Int
   961  0098                     	__end_of_PIC_Int:
   962 ;; =============== function _PIC_Int ends ============
   963                           
   964                           	signat	_PIC_Int,88
   965                           	global	_Delay1
   966                           psect	text136,local,class=CODE,delta=2
   967                           global __ptext136
   968  011D                     __ptext136:
   969                           
   970 ;; *************** function _Delay1 *****************
   971 ;; Defined at:
   972 ;;		line 90 in file "E:\#Programming\Electronics\MPLAB\PIC_Experiment_3A\expt3\think.c"
   973 ;; Parameters:    Size  Location     Type
   974 ;;  delay           2    0[COMMON] unsigned int 
   975 ;; Auto vars:     Size  Location     Type
   976 ;;  i               2    2[COMMON] unsigned int 
   977 ;; Return value:  Size  Location     Type
   978 ;;		None               void
   979 ;; Registers used:
   980 ;;		wreg, status,2, status,0
   981 ;; Tracked objects:
   982 ;;		On entry : 0/0
   983 ;;		On exit  : 0/0
   984 ;;		Unchanged: 0/0
   985 ;; Data sizes:     COMMON   BANK0   BANK1   BANK3   BANK2
   986 ;;      Params:         2       0       0       0       0
   987 ;;      Locals:         2       0       0       0       0
   988 ;;      Temps:          0       0       0       0       0
   989 ;;      Totals:         4       0       0       0       0
   990 ;;Total ram usage:        4 bytes
   991 ;; Hardware stack levels used:    1
   992 ;; This function calls:
   993 ;;		Nothing
   994 ;; This function is called by:
   995 ;;		_PIC_Int
   996 ;; This function uses a non-reentrant model
   997 ;;
   998                           psect	text136
   999                           	file	"E:\#Programming\Electronics\MPLAB\PIC_Experiment_3A\expt3\think.c"
  1000                           	line	90
  1001                           	global	__size_of_Delay1
  1002  0033                     	__size_of_Delay1	equ	__end_of_Delay1-_Delay1
  1003                           	
  1004  011D                     _Delay1:	
  1005                           	opt	stack 5
  1006                           ; Regs used in _Delay1: [wreg+status,2+status,0]
  1007                           	line	92
  1008                           	
  1009  011D                     i1l1827:	
  1010                           ;think.c: 91: unsigned int i;
  1011                           ;think.c: 92: for (;delay>0; delay--)
  1012  011D  0871               	movf	((Delay1@delay+1)),w
  1013  011E  0470               	iorwf	((Delay1@delay)),w
  1014  011F  1D03               	skipz
  1015  0120  2922               	goto	u12_21
  1016  0121  2923               	goto	u12_20
  1017  0122                     u12_21:
  1018  0122  2925               	goto	i1l1831
  1019  0123                     u12_20:
  1020  0123  294F               	goto	i1l720
  1021                           	
  1022  0124                     i1l1829:	
  1023  0124  294F               	goto	i1l720
  1024                           	line	93
  1025                           	
  1026  0125                     i1l716:	
  1027                           	
  1028  0125                     i1l1831:	
  1029                           ;think.c: 93: for (i=0; i<45; i++);
  1030  0125  01F2               	clrf	(Delay1@i)
  1031  0126  01F3               	clrf	(Delay1@i+1)
  1032                           	
  1033  0127                     i1l1833:	
  1034  0127  3000               	movlw	high(02Dh)
  1035  0128  0273               	subwf	(Delay1@i+1),w
  1036  0129  302D               	movlw	low(02Dh)
  1037  012A  1903               	skipnz
  1038  012B  0272               	subwf	(Delay1@i),w
  1039  012C  1C03               	skipc
  1040  012D  292F               	goto	u13_21
  1041  012E  2930               	goto	u13_20
  1042  012F                     u13_21:
  1043  012F  2932               	goto	i1l1837
  1044  0130                     u13_20:
  1045  0130  2942               	goto	i1l1839
  1046                           	
  1047  0131                     i1l1835:	
  1048  0131  2942               	goto	i1l1839
  1049                           	
  1050  0132                     i1l718:	
  1051                           	
  1052  0132                     i1l1837:	
  1053  0132  3001               	movlw	low(01h)
  1054  0133  07F2               	addwf	(Delay1@i),f
  1055  0134  1803               	skipnc
  1056  0135  0AF3               	incf	(Delay1@i+1),f
  1057  0136  3000               	movlw	high(01h)
  1058  0137  07F3               	addwf	(Delay1@i+1),f
  1059  0138  3000               	movlw	high(02Dh)
  1060  0139  0273               	subwf	(Delay1@i+1),w
  1061  013A  302D               	movlw	low(02Dh)
  1062  013B  1903               	skipnz
  1063  013C  0272               	subwf	(Delay1@i),w
  1064  013D  1C03               	skipc
  1065  013E  2940               	goto	u14_21
  1066  013F  2941               	goto	u14_20
  1067  0140                     u14_21:
  1068  0140  2932               	goto	i1l1837
  1069  0141                     u14_20:
  1070  0141  2942               	goto	i1l1839
  1071                           	
  1072  0142                     i1l719:	
  1073                           	line	92
  1074                           	
  1075  0142                     i1l1839:	
  1076  0142  3001               	movlw	low(01h)
  1077  0143  02F0               	subwf	(Delay1@delay),f
  1078  0144  3000               	movlw	high(01h)
  1079  0145  1C03               	skipc
  1080  0146  03F1               	decf	(Delay1@delay+1),f
  1081  0147  02F1               	subwf	(Delay1@delay+1),f
  1082                           	
  1083  0148                     i1l1841:	
  1084  0148  0871               	movf	((Delay1@delay+1)),w
  1085  0149  0470               	iorwf	((Delay1@delay)),w
  1086  014A  1D03               	skipz
  1087  014B  294D               	goto	u15_21
  1088  014C  294E               	goto	u15_20
  1089  014D                     u15_21:
  1090  014D  2925               	goto	i1l1831
  1091  014E                     u15_20:
  1092  014E  294F               	goto	i1l720
  1093                           	
  1094  014F                     i1l717:	
  1095                           	line	94
  1096                           	
  1097  014F                     i1l720:	
  1098  014F  0008               	return
  1099                           	opt stack 0
  1100                           GLOBAL	__end_of_Delay1
  1101  0150                     	__end_of_Delay1:
  1102 ;; =============== function _Delay1 ends ============
  1103                           
  1104                           	signat	_Delay1,4216
  1105                           psect	text137,local,class=CODE,delta=2
  1106                           global __ptext137
  1107  0000                     __ptext137:
  1108                           	global	btemp
  1109  007E                     	btemp set 07Eh
  1110                           
  1111                           	DABS	1,126,2	;btemp
  1112                           	global	wtemp0
  1113  007E                     	wtemp0 set btemp


HI-TECH Software PICC Macro Assembler V9.82 build 9453 
Symbol Table                                                                                   Mon Dec 09 21:08:16 2019

                   pc 0002                    _RD 0C60                    _WR 0C61                    fsr 0004  
                 l710 011C                   l711 00FF                   l712 010F                   l713 011C  
                 l709 00F2                   l691 00B0                   l692 00BD                   l693 00E3  
                 l694 00E4                   l695 00E5                   l696 00E5                   _GIE 005F  
                 _RA1 0029                   _LED 0156                   _RA5 002D                   _RB5 0035  
                 fsr0 0004                  l2741 00F4                  l2743 00FE                  l2735 00E8  
                l2751 0098                  l2745 00FF                  l2737 00F1                  l2761 00A8  
                l2753 00A2                  l2747 010F                  l2739 00F2                  l2771 00AF  
                l2763 00A9                  l2755 00A3                  l2749 0115                  l2781 00D1  
                l2773 00B2                  l2765 00AA                  l2757 00A6                  l2783 00D9  
                l2775 00BC                  l2767 00AB                  l2759 00A7                  l2777 00BD  
                l2769 00AC                  l2779 00C8                  u2400 00F0                  u2401 00EF  
                u2410 00FD                  u2411 00FC                  u2420 010E                  u2421 010D  
                u2430 011B                  u2431 011A                  u2440 00BB                  u2441 00BA  
                u2460 00E2                  u2461 00E1                  u2454 00C3                  u2455 00C1  
                _INTE 005C                  _INTF 0059                  _RBIE 005B                  _RBIF 0058  
     __end_of_PIC_Int 0098                  _WREN 0C62                  u5_20 0019                  u5_21 0018  
                u6_20 0025                  u6_21 0024                  u7_20 0042                  u7_21 0041  
                u8_20 0048                  u8_21 0047                  u9_20 004C                  u9_21 004B  
                _main 0098                  btemp 007E                  start 0012                 ?_main 0070  
               _EEADR 010D                 _CARRY 0018                 i1l700 0027                 i1l701 0043  
               i1l702 0089                 i1l703 0088                 i1l720 014F                 i1l704 005C  
               i1l705 0082                 i1l706 008B                 i1l716 0125                 i1l717 014F  
               i1l718 0132                 i1l719 0142                 i1l699 0044                 u10_20 005A  
               u10_21 0059                 u11_20 0081                 u11_21 0080                 u12_20 0123  
               u12_21 0122                 u13_20 0130                 u13_21 012F                 u14_20 0141  
               u14_21 0140                 u15_20 014E                 u15_21 014D                 _PORTD 0008  
               _TRISA 0085                 _TRISB 0086                 _TRISD 0088                 _Delay 00E8  
               main@i 0025                 pclath 000A                 status 0003                 wtemp0 007E  
        __end_of_main 00E8                ??_main 0024                ?_Delay 0020             ??_PIC_Int 0074  
              _ADCON1 009F                _EEDATA 010C                _EECON1 018C                _EECON2 018D  
              i1l1801 004D                i1l1811 0069                i1l1803 004E                i1l1821 0086  
              i1l1813 0072                i1l1805 0051                i1l1831 0125                i1l1815 0078  
              i1l1807 005B                i1l1823 0089                i1l1841 0148                i1l1833 0127  
              i1l1825 008A                i1l1817 0082                i1l1809 005C                i1l1835 0131  
              i1l1827 011D                i1l1819 0085                i1l1837 0132                i1l1829 0124  
              i1l1839 0142                i1l1791 002A                i1l1783 0015                i1l1793 0033  
              i1l1785 0019                i1l1795 0039                i1l1787 001C                i1l1797 0048  
              i1l1789 0026                i1l1799 004C                Delay@i 0022                _INTEDG 040E  
              _Delay1 011D                saved_w 007E         __end_of_Delay 011D        __pcstackCOMMON 0070  
             ??_Delay 0022               ?_Delay1 0070            __pmaintext 0098            __pintentry 0004  
             Delay1@i 0072               _PIC_Int 0015       __size_of_Delay1 0033  end_of_initialization 0160  
      __end_of_Delay1 0150   start_initialization 0160              ??_Delay1 0072         __pcstackBANK0 0020  
            ?_PIC_Int 0070              PIC_Int@i 0078             __ptext134 00E8             __ptext135 0015  
           __ptext136 011D             __ptext137 0000             __pstrings 0150        __size_of_Delay 0035  
   interrupt_function 0004           Delay1@delay 0070           __stringbase 0155      __size_of_PIC_Int 0083  
       __size_of_main 0050            Delay@delay 0020              intlevel1 0000             stringcode 0150  
            stringdir 0150              stringtab 0150  
