

HI-TECH Software PICC Macro Assembler V8.05PL2
Serial number: HCPIC-88888                            Fri Oct 18 00:41:38 2019

Licensed to: ONE TWO
     1                           	processor	16F877A
     2                           	opt	pw 79
     3                           	psect	__Z88888RS_,global,delta=1
     4                           	psect	strings,global,class=STRING,delta=2
     5                           	psect	const1,local,class=CONST,delta=2
     6                           	psect	text1,local,class=CODE,delta=2
     7                           	psect	intcode,global,class=CODE,delta=2
     8                           	psect	intsave_0,global,ovrld,class=COMBANK,spa
      +                          ce=1,delta=1
     9                           	psect	intret,global,class=CODE,delta=2
    10                           	psect	intentry,global,class=CODE,delta=2
    11                           	psect	intsave,global,class=BANK0,space=1,delta
      +                          =1
    12                           	psect	text2,local,class=CODE,delta=2
    13                           	psect	text3,local,class=CODE,delta=2
    14                           	psect	text4,local,class=CODE,delta=2
    15                           	psect	temp,global,ovrld,class=BANK0,space=1,de
      +                          lta=1
    16  0000                     
    17  0000                     
    18  0000                     
    19  0000                     
    20  0000                     
    21  0000                     
    22  0000                     
    23  0000                     
    24  0000                     
    25  0000                     
    26                           
    27                           	psect	__Z88888RS_
    28  0190                     
    29  0190                     
    30                           
    31                           	psect	const1
    32  005F  0782               	addwf	2
    33  0060                     _LED
    34  0060  343F               	retlw	63
    35  0061  3406               	retlw	6
    36  0062  345B               	retlw	91
    37  0063  344F               	retlw	79
    38  0064  3466               	retlw	102
    39  0065  346D               	retlw	109
    40  0066  347D               	retlw	125
    41  0067  3407               	retlw	7
    42  0068  347F               	retlw	127
    43  0069  346F               	retlw	111
    44                           
    45                           	psect	intcode
    46                           ;task2.c: 43: void interrupt PIC_Int(void) {
    47  0011                     _PIC_Int
    48  0011                     int_func
    49                           ;	_i assigned to ?a_PIC_Int+0
    50  0000                     _PIC_Int$i	set	?a_PIC_Int
    51                           ;task2.c: 44: unsigned int i;
    52  0011  1C0B               	btfss	11,0
    53  0012  284C               	goto	L1
    54                           ;task2.c: 49: PORTD=0x00;
    55  0013  1283               	bcf	3,5
    56  0014  1303               	bcf	3,6	;carry unused
    57  0015  0188               	clrf	8	;volatile
    58                           ;task2.c: 51: for(i=0; i<10; i++) {
    59  0016  01A6               	clrf	?a_PIC_Int
    60  0017  01A7               	clrf	?a_PIC_Int+1
    61  0018                     l10
    62                           ;task2.c: 52: PORTD=~PORTD;
    63  0018  0988               	comf	8	;volatile
    64                           ;task2.c: 53: Delay1(150);
    65  0019  3096               	movlw	150
    66  001A  00A8               	movwf	?_Delay1
    67  001B  01A9               	clrf	?_Delay1+1
    68  001C  120A  118A  279B   	fcall	_Delay1
      +       120A  118A         
    69                           ;task2.c: 54: }
    70  0021  0AA6               	incf	?a_PIC_Int
    71  0022  1903               	btfsc	3,2
    72  0023  0AA7               	incf	?a_PIC_Int+1
    73  0024  3000               	movlw	0
    74  0025  0227               	subwf	?a_PIC_Int+1,w
    75  0026  300A               	movlw	10
    76  0027  1903               	btfsc	3,2
    77  0028  0226               	subwf	?a_PIC_Int,w
    78  0029  1C03               	btfss	3,0
    79  002A  2818               	goto	l10
    80                           ;task2.c: 56: RA1 = 0;
    81  002B  1085               	bcf	5,1
    82                           ;task2.c: 57: RA5 = 1;
    83  002C  1685               	bsf	5,5
    84                           ;task2.c: 59: for(i=0; i<6; i++) {
    85  002D  01A6               	clrf	?a_PIC_Int
    86  002E  01A7               	clrf	?a_PIC_Int+1
    87  002F                     l13
    88                           ;task2.c: 60: PORTD = LED[5-i];
    89  002F  3000               	movlw	_LED shr (0+8)
    90  0030  008A               	movwf	10
    91  0031  0826               	movf	?a_PIC_Int,w
    92  0032  3C05               	sublw	5
    93  0033  205F               	call	((_LED+-1)& (0+2047))| (($)& (0+-2048))
    94  0034  0088               	movwf	8	;volatile
    95                           ;task2.c: 61: Delay1(300);
    96  0035  302C               	movlw	44
    97  0036  00A8               	movwf	?_Delay1
    98  0037  3001               	movlw	1
    99  0038  00A9               	movwf	?_Delay1+1
   100  0039  120A  118A  279B   	fcall	_Delay1
      +       120A  118A         
   101                           ;task2.c: 62: }
   102  003E  0AA6               	incf	?a_PIC_Int
   103  003F  1903               	btfsc	3,2
   104  0040  0AA7               	incf	?a_PIC_Int+1
   105  0041  3000               	movlw	0
   106  0042  0227               	subwf	?a_PIC_Int+1,w
   107  0043  3006               	movlw	6
   108  0044  1903               	btfsc	3,2
   109  0045  0226               	subwf	?a_PIC_Int,w
   110  0046  1C03               	btfss	3,0
   111  0047  282F               	goto	l13
   112                           ;task2.c: 64: PORTD=0x00;
   113  0048  0188               	clrf	8	;volatile
   114                           ;task2.c: 65: RA1 = 1;
   115  0049  1485               	bsf	5,1
   116                           ;task2.c: 66: RA5 = 0;
   117  004A  1285               	bcf	5,5
   118                           ;task2.c: 68: }
   119  004B  100B               	bcf	11,0
   120  004C                     L1
   121                           ;task2.c: 70: }
   122  004C  1303               	bcf	3,6	;carry unused
   123  004D  1283               	bcf	3,5
   124                           
   125                           	psect	intsave_0
   126  0072                     saved_w
   127  0072                     	ds	1
   128                           
   129                           	psect	intret
   130  0052  082D               	movf	saved_fsr,w
   131  0053  0084               	movwf	4	;restore FSR
   132  0054  082E               	movf	saved_pclath,w
   133  0055  008A               	movwf	10
   134  0056                     int_restore
   135  0056  082C               	movf	saved_status,w
   136  0057  0083               	movwf	3
   137  0058  0EF2               	swapf	saved_w
   138  0059  0E72               	swapf	saved_w,w
   139  005A  0009               	retfie
   140                           
   141                           	psect	intentry
   142  0004                     int_entry
   143  0004  00F2               	movwf	saved_w
   144  0005  0803               	movf	3,w
   145  0006  0183               	clrf	3
   146  0007  00AC               	movwf	saved_status
   147  0008  0804               	movf	4,w
   148  0009  00AD               	movwf	saved_fsr
   149  000A  080A               	movf	10,w
   150  000B  00AE               	movwf	saved_pclath
   151  000C  018A               	clrf	10
   152                           ;task2.c: 73: void Delay (unsigned int delay) {
   153                           ;       param _delay assigned to ?_Delay+0
   154  0000                     _Delay$delay	set	?_Delay
   155                           
   156                           	psect	intsave
   157  002C                     saved_status
   158  002C                     	ds	1
   159  002D                     saved_fsr
   160  002D                     	ds	1
   161  002E                     saved_pclath
   162  002E                     	ds	1
   163                           
   164                           	psect	text2
   165  07B5                     _Delay
   166                           ;	_i assigned to ?a_Delay+0
   167  0000                     _Delay$i	set	?a_Delay
   168                           ;task2.c: 74: unsigned int i;
   169  07B5  0183               	clrf	3	;select bank 0
   170  07B6  0823               	movf	?_Delay+1,w
   171  07B7  0422               	iorwf	?_Delay,w
   172  07B8  1903               	btfsc	3,2
   173  07B9  0008               	return
   174  07BA                     l17
   175                           ;task2.c: 76: for (i=0; i<45; i++);
   176  07BA  01A4               	clrf	?a_Delay
   177  07BB  01A5               	clrf	?a_Delay+1
   178  07BC                     l20
   179  07BC  0AA4               	incf	?a_Delay
   180  07BD  1903               	btfsc	3,2
   181  07BE  0AA5               	incf	?a_Delay+1
   182  07BF  3000               	movlw	0
   183  07C0  0225               	subwf	?a_Delay+1,w
   184  07C1  302D               	movlw	45
   185  07C2  1903               	btfsc	3,2
   186  07C3  0224               	subwf	?a_Delay,w
   187  07C4  1C03               	btfss	3,0
   188  07C5  2FBC               	goto	l20
   189  07C6  08A2               	movf	?_Delay
   190  07C7  1903               	btfsc	3,2
   191  07C8  03A3               	decf	?_Delay+1
   192  07C9  03A2               	decf	?_Delay
   193  07CA  0823               	movf	?_Delay+1,w
   194  07CB  0422               	iorwf	?_Delay,w
   195  07CC  1903               	btfsc	3,2
   196  07CD  0008               	return
   197  07CE  2FBA               	goto	l17
   198  07CF                     _main
   199                           ;	_i assigned to ?a_main+0
   200  0000                     _main$i	set	?a_main
   201                           ;task2.c: 21: ADCON1 = (ADCON1&0b11110000)|0b00
      +                          000111;
   202  07CF  1683               	bsf	3,5
   203  07D0  1303               	bcf	3,6	;carry unused
   204  07D1  081F               	movf	31,w	;volatile
   205  07D2  39F0               	andlw	-16
   206  07D3  3807               	iorlw	7
   207  07D4  009F               	movwf	31	;volatile
   208                           ;task2.c: 22: TRISB = (TRISB&0b11001111)|0b0011
      +                          0000;
   209  07D5  0806               	movf	6,w	;volatile
   210  07D6  39CF               	andlw	-49
   211  07D7  3830               	iorlw	48
   212  07D8  0086               	movwf	6	;volatile
   213                           ;task2.c: 23: TRISD = 0x00;
   214  07D9  0188               	clrf	8	;volatile
   215                           ;task2.c: 24: TRISA = TRISA&0b11011101;
   216  07DA  30DD               	movlw	-35
   217  07DB  0585               	andwf	5	;volatile
   218                           ;task2.c: 27: RBIE = 1;
   219  07DC  158B               	bsf	11,3
   220                           ;task2.c: 28: RBIF = 0;
   221  07DD  100B               	bcf	11,0
   222                           ;task2.c: 29: GIE = 1;
   223  07DE  178B               	bsf	11,7
   224                           ;task2.c: 30: RA1 = 1;
   225  07DF  1283               	bcf	3,5
   226  07E0  1485               	bsf	5,1
   227                           ;task2.c: 31: RA5 = 0;
   228  07E1  1285               	bcf	5,5
   229  07E2                     l3
   230                           ;task2.c: 33: while(1){
   231                           ;task2.c: 34: unsigned int i;
   232  07E2  01A0               	clrf	?a_main
   233  07E3  01A1               	clrf	?a_main+1
   234  07E4                     l5
   235                           ;task2.c: 36: PORTD=(0x01<<i);
   236  07E4  3001               	movlw	1
   237  07E5  00F0               	movwf	btemp
   238  07E6  0820               	movf	?a_main,w
   239  07E7  00F1               	movwf	btemp+1
   240  07E8  0AF1               	incf	btemp+1
   241  07E9  2FEC               	goto	u14
   242  07EA                     u15
   243  07EA  1003               	bcf	3,0
   244  07EB  0DF0               	rlf	btemp
   245  07EC                     u14
   246  07EC  0BF1               	decfsz	btemp+1
   247  07ED  2FEA               	goto	u15
   248  07EE  0870               	movf	btemp,w
   249  07EF  0088               	movwf	8	;volatile
   250                           ;task2.c: 37: Delay(1000);
   251  07F0  30E8               	movlw	232
   252  07F1  00A2               	movwf	?_Delay
   253  07F2  3003               	movlw	3
   254  07F3  00A3               	movwf	?_Delay+1
   255  07F4  27B5               	fcall	_Delay
   256                           ;task2.c: 38: }
   257  07F5  0AA0               	incf	?a_main
   258  07F6  1903               	btfsc	3,2
   259  07F7  0AA1               	incf	?a_main+1
   260  07F8  3000               	movlw	0
   261  07F9  0221               	subwf	?a_main+1,w
   262  07FA  3008               	movlw	8
   263  07FB  1903               	btfsc	3,2
   264  07FC  0220               	subwf	?a_main,w
   265  07FD  1803               	btfsc	3,0
   266  07FE  2FE2               	goto	l3
   267  07FF  2FE4               	goto	l5
   268                           
   269                           	psect	text3
   270  079B                     _Delay1
   271                           ;	_i assigned to ?a_Delay1+0
   272  0000                     _Delay1$i	set	?a_Delay1
   273                           ;task2.c: 81: unsigned int i;
   274  079B  0183               	clrf	3	;select bank 0
   275  079C  0829               	movf	?_Delay1+1,w
   276  079D  0428               	iorwf	?_Delay1,w
   277  079E  1903               	btfsc	3,2
   278  079F  0008               	return
   279  07A0                     l24
   280                           ;task2.c: 83: for (i=0; i<45; i++);
   281  07A0  01AA               	clrf	?a_Delay1
   282  07A1  01AB               	clrf	?a_Delay1+1
   283  07A2                     l27
   284  07A2  0AAA               	incf	?a_Delay1
   285  07A3  1903               	btfsc	3,2
   286  07A4  0AAB               	incf	?a_Delay1+1
   287  07A5  3000               	movlw	0
   288  07A6  022B               	subwf	?a_Delay1+1,w
   289  07A7  302D               	movlw	45
   290  07A8  1903               	btfsc	3,2
   291  07A9  022A               	subwf	?a_Delay1,w
   292  07AA  1C03               	btfss	3,0
   293  07AB  2FA2               	goto	l27
   294  07AC  08A8               	movf	?_Delay1
   295  07AD  1903               	btfsc	3,2
   296  07AE  03A9               	decf	?_Delay1+1
   297  07AF  03A8               	decf	?_Delay1
   298  07B0  0829               	movf	?_Delay1+1,w
   299  07B1  0428               	iorwf	?_Delay1,w
   300  07B2  1903               	btfsc	3,2
   301  07B3  0008               	return
   302  07B4  2FA0               	goto	l24
   303                           
   304                           	psect	text4
   305  0000                     
   306  0000                     
   307  0000                     
   308  0000                     
   309  0000                     
   310  0000                     
   311  0000                     
   312  0000                     
   313  0000                     
   314  0000                     
   315  0000                     
   316  0000                     
   317  0000                     
   318  0000                     
   319  0000                     
   320  0000                     
   321  0000                     
   322  0000                     
   323  0000                     
   324  0000                     
   325  0000                     
   326  0000                     
   327  0000                     
   328  0000                     
   329  0000                     
   330  0000                     
   331  0000                     
   332  0000                     
   333  0000                     
   334  0000                     
   335  0000                     
   336  0000                     
   337  0000                     
   338  0000                     
   339  0000                     
   340  0000                     
   341  0000                     
   342  0000                     
   343  0000                     
   344  0000                     
   345  0000                     
   346  0000                     
   347  0000                     
   348  0000                     
   349  0000                     
   350  0000                     
   351  0000                     
   352  0000                     
   353  0000                     
   354  0000                     
   355  0000                     
   356  0000                     
   357  0000                     
   358  0000                     
   359  0000                     
   360  0000                     
   361  0000                     
   362  0000                     
   363  0000                     
   364  0000                     
   365  0000                     
   366  0000                     
   367  0000                     
   368  0000                     
   369  0000                     
   370  0000                     
   371  0000                     
   372  0000                     
   373  0000                     
   374  0000                     
   375  0000                     
   376  0000                     
   377  0000                     
   378  0000                     
   379  0000                     
   380  0000                     
   381  0000                     
   382  0000                     
   383  0000                     
   384  0000                     
   385  0000                     
   386  0000                     
   387  0000                     
   388  0000                     
   389  0000                     
   390  0000                     
   391  0000                     
   392  0000                     
   393  0000                     
   394  0000                     
   395  0000                     
   396  0000                     
   397  0000                     
   398  0000                     
   399  0000                     
   400  0000                     
   401  0000                     
   402  0000                     
   403  0000                     
   404  0000                     
   405  0000                     
   406  0000                     
   407  0000                     
   408  0000                     
   409  0000                     
   410  0000                     
   411  0000                     
   412  0000                     
   413  0000                     
   414  0000                     
   415  0000                     
   416  0000                     
   417  0000                     
   418  0000                     
   419  0000                     
   420  0000                     
   421  0000                     
   422  0000                     
   423  0000                     
   424  0000                     
   425  0000                     
   426  0000                     
   427  0000                     
   428  0000                     
   429  0000                     
   430  0000                     
   431  0000                     
   432  0000                     
   433  0000                     
   434  0000                     
   435  0000                     
   436  0000                     
   437  0000                     
   438  0000                     
   439  0000                     
   440  0000                     
   441  0000                     
   442  0000                     
   443  0000                     
   444  0000                     
   445  0000                     
   446  0000                     
   447  0000                     
   448  0000                     
   449  0000                     
   450  0000                     
   451  0000                     
   452  0000                     
   453  0000                     
   454  0000                     
   455  0000                     
   456  0000                     
   457  0000                     
   458  0000                     
   459  0000                     
   460  0000                     
   461  0000                     
   462  0000                     
   463  0000                     
   464  0000                     
   465  0000                     
   466  0000                     
   467  0000                     
   468  0000                     
   469  0000                     
   470  0000                     
   471  0000                     
   472  0000                     
   473  0000                     
   474  0000                     
   475  0000                     
   476  0000                     
   477  0000                     
   478  0000                     
   479  0000                     
   480  0000                     
   481  0000                     
   482  0000                     
   483  0000                     
   484  0000                     
   485  0000                     
   486  0000                     
   487  0000                     
   488  0000                     
   489  0000                     
   490  0000                     
   491  0000                     
   492  0000                     
   493  0000                     
   494  0000                     
   495  0000                     
   496  0000                     
   497  0000                     
   498  0000                     
   499  0000                     
   500  0000                     
   501  0000                     
   502  0000                     
   503  0000                     
   504  0000                     
   505  0000                     
   506  0000                     
   507  0000                     
   508  0000                     
   509  0000                     
   510  0000                     
   511  0000                     
   512  0000                     
   513  0000                     
   514  0000                     
   515  0000                     
   516  0000                     
   517  0000                     
   518  0000                     
   519  0000                     
   520  0000                     
   521  0000                     
   522  0000                     
   523  0000                     
   524  0000                     
   525  0000                     
   526  0000                     
   527  0000                     
   528  0000                     
   529  0000                     
   530  0000                     
   531  0000                     
   532  0000                     
   533  0000                     
   534  0000                     
   535  0000                     
   536  0000                     
   537  0000                     
   538  0000                     
   539  0000                     
   540  0000                     
   541  0000                     
   542  0000                     
   543  0000                     
   544  0000                     
   545  0000                     
   546  0000                     
   547  0000                     
   548  0000                     
   549  0000                     
   550  0000                     
   551  0000                     
   552  0000                     
   553  0000                     
   554  0000                     
   555  0000                     
   556  0000                     
   557  0000                     
   558  0000                     
   559  0000                     
   560  0000                     
   561  0000                     
   562  0000                     
   563  0000                     
   564  0000                     
   565  0000                     
   566  0000                     
   567  0000                     
   568  0000                     
   569  0000                     
   570  0000                     
   571  0000                     
   572  0000                     
   573  0000                     
   574  0000                     
   575  0000                     
   576  0000                     
   577  0000                     
   578  0000                     
   579  0000                     
   580  0000                     
   581                           
   582                           	psect	temp
   583  0070                     btemp
   584  0070                     	ds	2


HI-TECH Software PICC Macro Assembler V8.05PL2
Symbol Table                                          Fri Oct 18 00:41:38 2019

      ?a_main 0020             l3 07E2             l5 07E4  
           pc 0002            l10 0018            l20 07BC  
          l13 002F            l24 07A0            l17 07BA  
          l27 07A2            u14 07EC            u15 07EA  
          fsr 0004           _LED 0060        _Delay1 079B  
     _PIC_Int 0011  save_code_ptr 0011    save_btemp0 000D  
  save_btemp1 000F    save_btemp2 0011    save_btemp3 0011  
  save_btemp4 0011    save_btemp5 0011    save_btemp6 0011  
  save_btemp7 0011    save_btemp8 0011    save_btemp9 0011  
        _main 07CF          btemp 0070          start 005B  
      saved_w 0072      int_entry 0004         _Delay 07B5  
    saved_fsr 002D   save_btemp10 000F   save_btemp11 000F  
 save_btemp12 000F   save_btemp13 000F   save_btemp14 000F  
 saved_pclath 002E         pclath 000A   saved_status 002C  
       status 0003       int_func 0011     ?a_PIC_Int 0026  
     ?_Delay1 0028    int_restore 0056        ?_Delay 0022  
  used_btemp0 0001    used_btemp1 0001      ?a_Delay1 002A  
     ?a_Delay 0024  
