

HI-TECH Software PICC Macro Assembler V8.05PL2
Serial number: HCPIC-88888                            Thu Oct 17 23:50:05 2019

Licensed to: ONE TWO
     1                           	processor	16F877A
     2                           	opt	pw 79
     3                           	psect	__Z88888RS_,global,delta=1
     4                           	psect	strings,global,class=STRING,delta=2
     5                           	psect	const1,local,class=CONST,delta=2
     6                           	psect	text1,local,class=CODE,delta=2
     7                           	psect	intcode,global,class=CODE,delta=2
     8                           	psect	intsave_0,global,ovrld,class=COMBANK,spa
      +                          ce=1,delta=1
     9                           	psect	intret,global,class=CODE,delta=2
    10                           	psect	intentry,global,class=CODE,delta=2
    11                           	psect	intsave,global,class=BANK0,space=1,delta
      +                          =1
    12                           	psect	text2,local,class=CODE,delta=2
    13                           	psect	text3,local,class=CODE,delta=2
    14                           	psect	text4,local,class=CODE,delta=2
    15                           	psect	temp,global,ovrld,class=BANK0,space=1,de
      +                          lta=1
    16  0000                     
    17  0000                     
    18  0000                     
    19  0000                     
    20  0000                     
    21  0000                     
    22  0000                     
    23  0000                     
    24  0000                     
    25  0000                     
    26                           
    27                           	psect	__Z88888RS_
    28  0190                     
    29  0190                     
    30                           
    31                           	psect	const1
    32  0068  0782               	addwf	2
    33  0069                     _LED
    34  0069  343F               	retlw	63
    35  006A  3406               	retlw	6
    36  006B  345B               	retlw	91
    37  006C  344F               	retlw	79
    38  006D  3466               	retlw	102
    39  006E  346D               	retlw	109
    40  006F  347D               	retlw	125
    41  0070  3407               	retlw	7
    42  0071  347F               	retlw	127
    43  0072  346F               	retlw	111
    44                           
    45                           	psect	intcode
    46                           ;think.c: 47: void interrupt PIC_Int(void) {
    47  0011                     _PIC_Int
    48  0011                     int_func
    49                           ;	_i assigned to ?a_PIC_Int+0
    50  0000                     _PIC_Int$i	set	?a_PIC_Int
    51                           ;think.c: 48: unsigned int i;
    52  0011  1C8B               	btfss	11,1
    53  0012  282C               	goto	l9
    54                           ;think.c: 52: PORTD=0x00;
    55  0013  1283               	bcf	3,5
    56  0014  1303               	bcf	3,6	;carry unused
    57  0015  0188               	clrf	8	;volatile
    58                           ;think.c: 54: for(i=0; i<10; i++)
    59  0016  01A6               	clrf	?a_PIC_Int
    60  0017  01A7               	clrf	?a_PIC_Int+1
    61  0018                     l10
    62                           ;think.c: 55: {
    63                           ;think.c: 56: PORTD=~PORTD;
    64  0018  0988               	comf	8	;volatile
    65                           ;think.c: 57: Delay1(150);
    66  0019  3096               	movlw	150
    67  001A  00A8               	movwf	?_Delay1
    68  001B  01A9               	clrf	?_Delay1+1
    69  001C  120A  118A  2798   	fcall	_Delay1
      +       120A  118A         
    70                           ;think.c: 58: }
    71  0021  0AA6               	incf	?a_PIC_Int
    72  0022  1903               	btfsc	3,2
    73  0023  0AA7               	incf	?a_PIC_Int+1
    74  0024  3000               	movlw	0
    75  0025  0227               	subwf	?a_PIC_Int+1,w
    76  0026  300A               	movlw	10
    77  0027  1903               	btfsc	3,2
    78  0028  0226               	subwf	?a_PIC_Int,w
    79  0029  1803               	btfsc	3,0
    80  002A  2853               	goto	l13
    81  002B  2818               	goto	l10
    82                           ;think.c: 60: }
    83  002C                     l9
    84  002C  1C0B               	btfss	11,0
    85  002D  2853               	goto	l13
    86  002E  1283               	bcf	3,5
    87  002F  1303               	bcf	3,6	;carry unused
    88  0030  1A86               	btfsc	6,5
    89  0031  2853               	goto	l13
    90                           ;think.c: 63: PORTD=0x00;
    91  0032  0188               	clrf	8	;volatile
    92                           ;think.c: 64: RA1 = 0;
    93  0033  1085               	bcf	5,1
    94                           ;think.c: 65: RA5 = 1;
    95  0034  1685               	bsf	5,5
    96                           ;think.c: 67: for(i=0; i<6; i++) {
    97  0035  01A6               	clrf	?a_PIC_Int
    98  0036  01A7               	clrf	?a_PIC_Int+1
    99  0037                     l15
   100                           ;think.c: 68: PORTD = LED[5-i];
   101  0037  3000               	movlw	_LED shr (0+8)
   102  0038  008A               	movwf	10
   103  0039  0826               	movf	?a_PIC_Int,w
   104  003A  3C05               	sublw	5
   105  003B  2068               	call	((_LED+-1)& (0+2047))| (($)& (0+-2048))
   106  003C  0088               	movwf	8	;volatile
   107                           ;think.c: 69: Delay1(300);
   108  003D  302C               	movlw	44
   109  003E  00A8               	movwf	?_Delay1
   110  003F  3001               	movlw	1
   111  0040  00A9               	movwf	?_Delay1+1
   112  0041  120A  118A  2798   	fcall	_Delay1
      +       120A  118A         
   113                           ;think.c: 70: }
   114  0046  0AA6               	incf	?a_PIC_Int
   115  0047  1903               	btfsc	3,2
   116  0048  0AA7               	incf	?a_PIC_Int+1
   117  0049  3000               	movlw	0
   118  004A  0227               	subwf	?a_PIC_Int+1,w
   119  004B  3006               	movlw	6
   120  004C  1903               	btfsc	3,2
   121  004D  0226               	subwf	?a_PIC_Int,w
   122  004E  1C03               	btfss	3,0
   123  004F  2837               	goto	l15
   124                           ;think.c: 71: PORTD=0x00;
   125  0050  0188               	clrf	8	;volatile
   126                           ;think.c: 72: RA1 = 1;
   127  0051  1485               	bsf	5,1
   128                           ;think.c: 73: RA5 = 0;
   129  0052  1285               	bcf	5,5
   130                           ;think.c: 76: }
   131  0053                     l13
   132  0053  108B               	bcf	11,1
   133                           ;think.c: 78: RBIF = 0;
   134  0054  100B               	bcf	11,0
   135                           ;think.c: 79: }
   136  0055  1303               	bcf	3,6	;carry unused
   137  0056  1283               	bcf	3,5
   138                           
   139                           	psect	intsave_0
   140  0072                     saved_w
   141  0072                     	ds	1
   142                           
   143                           	psect	intret
   144  005B  082D               	movf	saved_fsr,w
   145  005C  0084               	movwf	4	;restore FSR
   146  005D  082E               	movf	saved_pclath,w
   147  005E  008A               	movwf	10
   148  005F                     int_restore
   149  005F  082C               	movf	saved_status,w
   150  0060  0083               	movwf	3
   151  0061  0EF2               	swapf	saved_w
   152  0062  0E72               	swapf	saved_w,w
   153  0063  0009               	retfie
   154                           
   155                           	psect	intentry
   156  0004                     int_entry
   157  0004  00F2               	movwf	saved_w
   158  0005  0803               	movf	3,w
   159  0006  0183               	clrf	3
   160  0007  00AC               	movwf	saved_status
   161  0008  0804               	movf	4,w
   162  0009  00AD               	movwf	saved_fsr
   163  000A  080A               	movf	10,w
   164  000B  00AE               	movwf	saved_pclath
   165  000C  018A               	clrf	10
   166                           ;think.c: 82: void Delay (unsigned int delay)
   167                           ;think.c: 83: {
   168                           ;       param _delay assigned to ?_Delay+0
   169  0000                     _Delay$delay	set	?_Delay
   170                           
   171                           	psect	intsave
   172  002C                     saved_status
   173  002C                     	ds	1
   174  002D                     saved_fsr
   175  002D                     	ds	1
   176  002E                     saved_pclath
   177  002E                     	ds	1
   178                           
   179                           	psect	text2
   180  07B2                     _Delay
   181                           ;	_i assigned to ?a_Delay+0
   182  0000                     _Delay$i	set	?a_Delay
   183                           ;think.c: 84: unsigned int i;
   184  07B2  0183               	clrf	3	;select bank 0
   185  07B3  0823               	movf	?_Delay+1,w
   186  07B4  0422               	iorwf	?_Delay,w
   187  07B5  1903               	btfsc	3,2
   188  07B6  0008               	return
   189  07B7                     l19
   190                           ;think.c: 86: for (i=0; i<45; i++);
   191  07B7  01A4               	clrf	?a_Delay
   192  07B8  01A5               	clrf	?a_Delay+1
   193  07B9                     l22
   194  07B9  0AA4               	incf	?a_Delay
   195  07BA  1903               	btfsc	3,2
   196  07BB  0AA5               	incf	?a_Delay+1
   197  07BC  3000               	movlw	0
   198  07BD  0225               	subwf	?a_Delay+1,w
   199  07BE  302D               	movlw	45
   200  07BF  1903               	btfsc	3,2
   201  07C0  0224               	subwf	?a_Delay,w
   202  07C1  1C03               	btfss	3,0
   203  07C2  2FB9               	goto	l22
   204  07C3  08A2               	movf	?_Delay
   205  07C4  1903               	btfsc	3,2
   206  07C5  03A3               	decf	?_Delay+1
   207  07C6  03A2               	decf	?_Delay
   208  07C7  0823               	movf	?_Delay+1,w
   209  07C8  0422               	iorwf	?_Delay,w
   210  07C9  1903               	btfsc	3,2
   211  07CA  0008               	return
   212  07CB  2FB7               	goto	l19
   213  07CC                     _main
   214                           ;	_i assigned to ?a_main+0
   215  0000                     _main$i	set	?a_main
   216                           ;think.c: 21: ADCON1 = (ADCON1&0b11110000)|0b00
      +                          000111;
   217  07CC  1683               	bsf	3,5
   218  07CD  1303               	bcf	3,6	;carry unused
   219  07CE  081F               	movf	31,w	;volatile
   220  07CF  39F0               	andlw	-16
   221  07D0  3807               	iorlw	7
   222  07D1  009F               	movwf	31	;volatile
   223                           ;think.c: 22: TRISB = (TRISB&0b11011110)|0b0010
      +                          0001;
   224  07D2  0806               	movf	6,w	;volatile
   225  07D3  39DE               	andlw	-34
   226  07D4  3821               	iorlw	33
   227  07D5  0086               	movwf	6	;volatile
   228                           ;think.c: 23: TRISD = 0x00;
   229  07D6  0188               	clrf	8	;volatile
   230                           ;think.c: 24: TRISA = TRISA&0b11011101;
   231  07D7  30DD               	movlw	-35
   232  07D8  0585               	andwf	5	;volatile
   233                           ;think.c: 27: INTEDG = 1;
   234  07D9  1701               	bsf	1,6
   235                           ;think.c: 28: RBIE = 1;
   236  07DA  158B               	bsf	11,3
   237                           ;think.c: 29: RBIF = 0;
   238  07DB  100B               	bcf	11,0
   239                           ;think.c: 30: INTE = 1;
   240  07DC  160B               	bsf	11,4
   241                           ;think.c: 31: INTF = 0;
   242  07DD  108B               	bcf	11,1
   243                           ;think.c: 32: GIE = 1;
   244  07DE  178B               	bsf	11,7
   245                           ;think.c: 33: RA1 = 1;
   246  07DF  1283               	bcf	3,5
   247  07E0  1485               	bsf	5,1
   248                           ;think.c: 34: RA5 = 0;
   249  07E1  1285               	bcf	5,5
   250  07E2                     l3
   251                           ;think.c: 36: while(1){
   252                           ;think.c: 37: unsigned int i;
   253  07E2  01A0               	clrf	?a_main
   254  07E3  01A1               	clrf	?a_main+1
   255  07E4                     l5
   256                           ;think.c: 39: {
   257                           ;think.c: 40: PORTD=(0x01<<i);
   258  07E4  3001               	movlw	1
   259  07E5  00F0               	movwf	btemp
   260  07E6  0820               	movf	?a_main,w
   261  07E7  00F1               	movwf	btemp+1
   262  07E8  0AF1               	incf	btemp+1
   263  07E9  2FEC               	goto	u14
   264  07EA                     u15
   265  07EA  1003               	bcf	3,0
   266  07EB  0DF0               	rlf	btemp
   267  07EC                     u14
   268  07EC  0BF1               	decfsz	btemp+1
   269  07ED  2FEA               	goto	u15
   270  07EE  0870               	movf	btemp,w
   271  07EF  0088               	movwf	8	;volatile
   272                           ;think.c: 41: Delay(1000);
   273  07F0  30E8               	movlw	232
   274  07F1  00A2               	movwf	?_Delay
   275  07F2  3003               	movlw	3
   276  07F3  00A3               	movwf	?_Delay+1
   277  07F4  27B2               	fcall	_Delay
   278                           ;think.c: 42: }
   279  07F5  0AA0               	incf	?a_main
   280  07F6  1903               	btfsc	3,2
   281  07F7  0AA1               	incf	?a_main+1
   282  07F8  3000               	movlw	0
   283  07F9  0221               	subwf	?a_main+1,w
   284  07FA  3008               	movlw	8
   285  07FB  1903               	btfsc	3,2
   286  07FC  0220               	subwf	?a_main,w
   287  07FD  1803               	btfsc	3,0
   288  07FE  2FE2               	goto	l3
   289  07FF  2FE4               	goto	l5
   290                           
   291                           	psect	text3
   292  0798                     _Delay1
   293                           ;	_i assigned to ?a_Delay1+0
   294  0000                     _Delay1$i	set	?a_Delay1
   295                           ;think.c: 91: unsigned int i;
   296  0798  0183               	clrf	3	;select bank 0
   297  0799  0829               	movf	?_Delay1+1,w
   298  079A  0428               	iorwf	?_Delay1,w
   299  079B  1903               	btfsc	3,2
   300  079C  0008               	return
   301  079D                     l26
   302                           ;think.c: 93: for (i=0; i<45; i++);
   303  079D  01AA               	clrf	?a_Delay1
   304  079E  01AB               	clrf	?a_Delay1+1
   305  079F                     l29
   306  079F  0AAA               	incf	?a_Delay1
   307  07A0  1903               	btfsc	3,2
   308  07A1  0AAB               	incf	?a_Delay1+1
   309  07A2  3000               	movlw	0
   310  07A3  022B               	subwf	?a_Delay1+1,w
   311  07A4  302D               	movlw	45
   312  07A5  1903               	btfsc	3,2
   313  07A6  022A               	subwf	?a_Delay1,w
   314  07A7  1C03               	btfss	3,0
   315  07A8  2F9F               	goto	l29
   316  07A9  08A8               	movf	?_Delay1
   317  07AA  1903               	btfsc	3,2
   318  07AB  03A9               	decf	?_Delay1+1
   319  07AC  03A8               	decf	?_Delay1
   320  07AD  0829               	movf	?_Delay1+1,w
   321  07AE  0428               	iorwf	?_Delay1,w
   322  07AF  1903               	btfsc	3,2
   323  07B0  0008               	return
   324  07B1  2F9D               	goto	l26
   325                           
   326                           	psect	text4
   327  0000                     
   328  0000                     
   329  0000                     
   330  0000                     
   331  0000                     
   332  0000                     
   333  0000                     
   334  0000                     
   335  0000                     
   336  0000                     
   337  0000                     
   338  0000                     
   339  0000                     
   340  0000                     
   341  0000                     
   342  0000                     
   343  0000                     
   344  0000                     
   345  0000                     
   346  0000                     
   347  0000                     
   348  0000                     
   349  0000                     
   350  0000                     
   351  0000                     
   352  0000                     
   353  0000                     
   354  0000                     
   355  0000                     
   356  0000                     
   357  0000                     
   358  0000                     
   359  0000                     
   360  0000                     
   361  0000                     
   362  0000                     
   363  0000                     
   364  0000                     
   365  0000                     
   366  0000                     
   367  0000                     
   368  0000                     
   369  0000                     
   370  0000                     
   371  0000                     
   372  0000                     
   373  0000                     
   374  0000                     
   375  0000                     
   376  0000                     
   377  0000                     
   378  0000                     
   379  0000                     
   380  0000                     
   381  0000                     
   382  0000                     
   383  0000                     
   384  0000                     
   385  0000                     
   386  0000                     
   387  0000                     
   388  0000                     
   389  0000                     
   390  0000                     
   391  0000                     
   392  0000                     
   393  0000                     
   394  0000                     
   395  0000                     
   396  0000                     
   397  0000                     
   398  0000                     
   399  0000                     
   400  0000                     
   401  0000                     
   402  0000                     
   403  0000                     
   404  0000                     
   405  0000                     
   406  0000                     
   407  0000                     
   408  0000                     
   409  0000                     
   410  0000                     
   411  0000                     
   412  0000                     
   413  0000                     
   414  0000                     
   415  0000                     
   416  0000                     
   417  0000                     
   418  0000                     
   419  0000                     
   420  0000                     
   421  0000                     
   422  0000                     
   423  0000                     
   424  0000                     
   425  0000                     
   426  0000                     
   427  0000                     
   428  0000                     
   429  0000                     
   430  0000                     
   431  0000                     
   432  0000                     
   433  0000                     
   434  0000                     
   435  0000                     
   436  0000                     
   437  0000                     
   438  0000                     
   439  0000                     
   440  0000                     
   441  0000                     
   442  0000                     
   443  0000                     
   444  0000                     
   445  0000                     
   446  0000                     
   447  0000                     
   448  0000                     
   449  0000                     
   450  0000                     
   451  0000                     
   452  0000                     
   453  0000                     
   454  0000                     
   455  0000                     
   456  0000                     
   457  0000                     
   458  0000                     
   459  0000                     
   460  0000                     
   461  0000                     
   462  0000                     
   463  0000                     
   464  0000                     
   465  0000                     
   466  0000                     
   467  0000                     
   468  0000                     
   469  0000                     
   470  0000                     
   471  0000                     
   472  0000                     
   473  0000                     
   474  0000                     
   475  0000                     
   476  0000                     
   477  0000                     
   478  0000                     
   479  0000                     
   480  0000                     
   481  0000                     
   482  0000                     
   483  0000                     
   484  0000                     
   485  0000                     
   486  0000                     
   487  0000                     
   488  0000                     
   489  0000                     
   490  0000                     
   491  0000                     
   492  0000                     
   493  0000                     
   494  0000                     
   495  0000                     
   496  0000                     
   497  0000                     
   498  0000                     
   499  0000                     
   500  0000                     
   501  0000                     
   502  0000                     
   503  0000                     
   504  0000                     
   505  0000                     
   506  0000                     
   507  0000                     
   508  0000                     
   509  0000                     
   510  0000                     
   511  0000                     
   512  0000                     
   513  0000                     
   514  0000                     
   515  0000                     
   516  0000                     
   517  0000                     
   518  0000                     
   519  0000                     
   520  0000                     
   521  0000                     
   522  0000                     
   523  0000                     
   524  0000                     
   525  0000                     
   526  0000                     
   527  0000                     
   528  0000                     
   529  0000                     
   530  0000                     
   531  0000                     
   532  0000                     
   533  0000                     
   534  0000                     
   535  0000                     
   536  0000                     
   537  0000                     
   538  0000                     
   539  0000                     
   540  0000                     
   541  0000                     
   542  0000                     
   543  0000                     
   544  0000                     
   545  0000                     
   546  0000                     
   547  0000                     
   548  0000                     
   549  0000                     
   550  0000                     
   551  0000                     
   552  0000                     
   553  0000                     
   554  0000                     
   555  0000                     
   556  0000                     
   557  0000                     
   558  0000                     
   559  0000                     
   560  0000                     
   561  0000                     
   562  0000                     
   563  0000                     
   564  0000                     
   565  0000                     
   566  0000                     
   567  0000                     
   568  0000                     
   569  0000                     
   570  0000                     
   571  0000                     
   572  0000                     
   573  0000                     
   574  0000                     
   575  0000                     
   576  0000                     
   577  0000                     
   578  0000                     
   579  0000                     
   580  0000                     
   581  0000                     
   582  0000                     
   583  0000                     
   584  0000                     
   585  0000                     
   586  0000                     
   587  0000                     
   588  0000                     
   589  0000                     
   590  0000                     
   591  0000                     
   592  0000                     
   593  0000                     
   594  0000                     
   595  0000                     
   596  0000                     
   597  0000                     
   598  0000                     
   599  0000                     
   600  0000                     
   601  0000                     
   602  0000                     
   603                           
   604                           	psect	temp
   605  0070                     btemp
   606  0070                     	ds	2


HI-TECH Software PICC Macro Assembler V8.05PL2
Symbol Table                                          Thu Oct 17 23:50:05 2019

      ?a_main 0020             l3 07E2             l5 07E4  
           l9 002C             pc 0002            l10 0018  
          l13 0053            l22 07B9            l15 0037  
          l26 079D            l19 07B7            l29 079F  
          u14 07EC            u15 07EA            fsr 0004  
         _LED 0069        _Delay1 0798       _PIC_Int 0011  
save_code_ptr 0011    save_btemp0 000D    save_btemp1 000F  
  save_btemp2 0011    save_btemp3 0011    save_btemp4 0011  
  save_btemp5 0011    save_btemp6 0011    save_btemp7 0011  
  save_btemp8 0011    save_btemp9 0011          _main 07CC  
        btemp 0070          start 0064        saved_w 0072  
    int_entry 0004         _Delay 07B2      saved_fsr 002D  
 save_btemp10 000F   save_btemp11 000F   save_btemp12 000F  
 save_btemp13 000F   save_btemp14 000F   saved_pclath 002E  
       pclath 000A   saved_status 002C         status 0003  
     int_func 0011     ?a_PIC_Int 0026       ?_Delay1 0028  
  int_restore 005F        ?_Delay 0022    used_btemp0 0001  
  used_btemp1 0001      ?a_Delay1 002A       ?a_Delay 0024  
