

HI-TECH Software PICC Macro Assembler V8.05PL2
Serial number: HCPIC-88888                            Fri Oct 18 11:04:02 2019

Licensed to: ONE TWO
     1                           	processor	16F877A
     2                           	opt	pw 79
     3                           	psect	__Z88888RS_,global,delta=1
     4                           	psect	text0,local,class=CODE,delta=2
     5                           	psect	text1,local,class=CODE,delta=2
     6                           	psect	intcode,global,class=CODE,delta=2
     7                           	psect	intsave_0,global,ovrld,class=COMBANK,spa
      +                          ce=1,delta=1
     8                           	psect	intret,global,class=CODE,delta=2
     9                           	psect	intentry,global,class=CODE,delta=2
    10                           	psect	intsave,global,class=BANK0,space=1,delta
      +                          =1
    11                           	psect	rbss_0,global,class=BANK0,space=1,delta=
      +                          1
    12  0000                     
    13  0000                     
    14  0000                     
    15  0000                     
    16  0000                     
    17  0000                     
    18  0000                     
    19  0000                     
    20  0000                     
    21  0000                     
    22                           
    23                           	psect	__Z88888RS_
    24  0190                     
    25  0190                     
    26                           
    27                           	psect	text0
    28  07F0                     _main
    29                           ;ex2.c: 9: TRISC1 = 0;
    30  07F0  1683               	bsf	3,5
    31  07F1  1303               	bcf	3,6	;carry unused
    32  07F2  1087               	bcf	7,1
    33                           ;ex2.c: 10: OPTION = 0x07;
    34  07F3  3007               	movlw	7
    35  07F4  0081               	movwf	1
    36                           ;ex2.c: 11: T0IE = 1;
    37  07F5  168B               	bsf	11,5
    38                           ;ex2.c: 12: T0IF = 0;
    39  07F6  110B               	bcf	11,2
    40                           ;ex2.c: 13: GIE = 1;
    41  07F7  178B               	bsf	11,7
    42                           ;ex2.c: 15: TMR0 = 0xD9;;
    43  07F8  30D9               	movlw	-39
    44  07F9  1283               	bcf	3,5
    45  07FA  0081               	movwf	1	;volatile
    46                           ;ex2.c: 16: RC1 = 0;
    47  07FB  1087               	bcf	7,1
    48                           ;ex2.c: 18: n = 0x19;;
    49  07FC  3019               	movlw	25
    50  07FD  00A0               	movwf	_n
    51  07FE  01A1               	clrf	_n+1
    52                           ;ex2.c: 19: while(1);
    53  07FF                     l2
    54  07FF  2FFF               	goto	l2
    55                           
    56                           	psect	intcode
    57                           ;ex2.c: 22: void interrupt PIC_Int(void) {
    58  000B                     _PIC_Int
    59  000B                     int_func
    60                           ;ex2.c: 24: if(n == 0) {
    61  000B  0183               	clrf	3	;select bank 0
    62  000C  0821               	movf	_n+1,w
    63  000D  0420               	iorwf	_n,w
    64  000E  1D03               	btfss	3,2
    65  000F  2816               	goto	l6
    66                           ;ex2.c: 25: RC1 = !RC1;
    67  0010  3002               	movlw	2
    68  0011  0687               	xorwf	7
    69                           ;ex2.c: 26: n = 0x19;;
    70  0012  3019               	movlw	25
    71  0013  00A0               	movwf	_n
    72  0014  01A1               	clrf	_n+1
    73                           ;ex2.c: 27: }
    74  0015  281A               	goto	l7
    75  0016                     l6
    76                           ;ex2.c: 29: n = n - 1;
    77  0016  30FF               	movlw	-1
    78  0017  07A0               	addwf	_n
    79  0018  1C03               	btfss	3,0
    80  0019  03A1               	decf	_n+1
    81  001A                     l7
    82                           ;ex2.c: 30: }
    83                           ;ex2.c: 32: TMR0 = 0xD9;;
    84  001A  30D9               	movlw	-39
    85  001B  0081               	movwf	1	;volatile
    86                           ;ex2.c: 33: T0IF = 0;
    87  001C  110B               	bcf	11,2
    88                           
    89                           	psect	intsave_0
    90  0070                     saved_w
    91  0070                     	ds	1
    92                           
    93                           	psect	intret
    94  001D  0823               	movf	saved_pclath,w
    95  001E  008A               	movwf	10
    96  001F                     int_restore
    97  001F  0822               	movf	saved_status,w
    98  0020  0083               	movwf	3
    99  0021  0EF0               	swapf	saved_w
   100  0022  0E70               	swapf	saved_w,w
   101  0023  0009               	retfie
   102                           
   103                           	psect	intentry
   104  0004                     int_entry
   105  0004  00F0               	movwf	saved_w
   106  0005  0803               	movf	3,w
   107  0006  0183               	clrf	3
   108  0007  00A2               	movwf	saved_status
   109  0008  080A               	movf	10,w
   110  0009  00A3               	movwf	saved_pclath
   111  000A  018A               	clrf	10
   112  0000                     
   113  0000                     
   114  0000                     
   115  0000                     
   116  0000                     
   117  0000                     
   118  0000                     
   119  0000                     
   120  0000                     
   121  0000                     
   122  0000                     
   123  0000                     
   124  0000                     
   125  0000                     
   126  0000                     
   127  0000                     
   128  0000                     
   129  0000                     
   130  0000                     
   131  0000                     
   132  0000                     
   133  0000                     
   134  0000                     
   135  0000                     
   136  0000                     
   137  0000                     
   138  0000                     
   139  0000                     
   140  0000                     
   141  0000                     
   142  0000                     
   143  0000                     
   144  0000                     
   145  0000                     
   146  0000                     
   147  0000                     
   148  0000                     
   149  0000                     
   150  0000                     
   151  0000                     
   152  0000                     
   153  0000                     
   154  0000                     
   155  0000                     
   156  0000                     
   157  0000                     
   158  0000                     
   159  0000                     
   160  0000                     
   161  0000                     
   162  0000                     
   163  0000                     
   164  0000                     
   165  0000                     
   166  0000                     
   167  0000                     
   168  0000                     
   169  0000                     
   170  0000                     
   171  0000                     
   172  0000                     
   173  0000                     
   174  0000                     
   175  0000                     
   176  0000                     
   177  0000                     
   178  0000                     
   179  0000                     
   180  0000                     
   181  0000                     
   182  0000                     
   183  0000                     
   184  0000                     
   185  0000                     
   186  0000                     
   187  0000                     
   188  0000                     
   189  0000                     
   190  0000                     
   191  0000                     
   192  0000                     
   193  0000                     
   194  0000                     
   195  0000                     
   196  0000                     
   197  0000                     
   198  0000                     
   199  0000                     
   200  0000                     
   201  0000                     
   202  0000                     
   203  0000                     
   204  0000                     
   205  0000                     
   206  0000                     
   207  0000                     
   208  0000                     
   209  0000                     
   210  0000                     
   211  0000                     
   212  0000                     
   213  0000                     
   214  0000                     
   215  0000                     
   216  0000                     
   217  0000                     
   218  0000                     
   219  0000                     
   220  0000                     
   221  0000                     
   222  0000                     
   223  0000                     
   224  0000                     
   225  0000                     
   226  0000                     
   227  0000                     
   228  0000                     
   229  0000                     
   230  0000                     
   231  0000                     
   232  0000                     
   233  0000                     
   234  0000                     
   235  0000                     
   236  0000                     
   237  0000                     
   238  0000                     
   239  0000                     
   240  0000                     
   241  0000                     
   242  0000                     
   243  0000                     
   244  0000                     
   245  0000                     
   246  0000                     
   247  0000                     
   248  0000                     
   249  0000                     
   250  0000                     
   251  0000                     
   252  0000                     
   253  0000                     
   254  0000                     
   255  0000                     
   256  0000                     
   257  0000                     
   258  0000                     
   259  0000                     
   260  0000                     
   261  0000                     
   262  0000                     
   263  0000                     
   264  0000                     
   265  0000                     
   266  0000                     
   267  0000                     
   268  0000                     
   269  0000                     
   270  0000                     
   271  0000                     
   272  0000                     
   273  0000                     
   274  0000                     
   275  0000                     
   276  0000                     
   277  0000                     
   278  0000                     
   279  0000                     
   280  0000                     
   281  0000                     
   282  0000                     
   283  0000                     
   284  0000                     
   285  0000                     
   286  0000                     
   287  0000                     
   288  0000                     
   289  0000                     
   290  0000                     
   291  0000                     
   292  0000                     
   293  0000                     
   294  0000                     
   295  0000                     
   296  0000                     
   297  0000                     
   298  0000                     
   299  0000                     
   300  0000                     
   301  0000                     
   302  0000                     
   303  0000                     
   304  0000                     
   305  0000                     
   306  0000                     
   307  0000                     
   308  0000                     
   309  0000                     
   310  0000                     
   311  0000                     
   312  0000                     
   313  0000                     
   314  0000                     
   315  0000                     
   316  0000                     
   317  0000                     
   318  0000                     
   319  0000                     
   320  0000                     
   321  0000                     
   322  0000                     
   323  0000                     
   324  0000                     
   325  0000                     
   326  0000                     
   327  0000                     
   328  0000                     
   329  0000                     
   330  0000                     
   331  0000                     
   332  0000                     
   333  0000                     
   334  0000                     
   335  0000                     
   336  0000                     
   337  0000                     
   338  0000                     
   339  0000                     
   340  0000                     
   341  0000                     
   342  0000                     
   343  0000                     
   344  0000                     
   345  0000                     
   346  0000                     
   347  0000                     
   348  0000                     
   349  0000                     
   350  0000                     
   351  0000                     
   352  0000                     
   353  0000                     
   354  0000                     
   355  0000                     
   356  0000                     
   357  0000                     
   358  0000                     
   359  0000                     
   360  0000                     
   361  0000                     
   362  0000                     
   363  0000                     
   364  0000                     
   365  0000                     
   366  0000                     
   367  0000                     
   368  0000                     
   369  0000                     
   370  0000                     
   371  0000                     
   372  0000                     
   373  0000                     
   374  0000                     
   375  0000                     
   376  0000                     
   377  0000                     
   378  0000                     
   379  0000                     
   380  0000                     
   381  0000                     
   382  0000                     
   383  0000                     
   384  0000                     
   385  0000                     
   386  0000                     
   387  0000                     
   388                           
   389                           	psect	intsave
   390  0022                     saved_status
   391  0022                     	ds	1
   392  0023                     saved_pclath
   393  0023                     	ds	1
   394                           
   395                           	psect	rbss_0
   396  0020                     _n
   397  0020                     	ds	2


HI-TECH Software PICC Macro Assembler V8.05PL2
Symbol Table                                          Fri Oct 18 11:04:02 2019

          l2 07FF            l6 0016            l7 001A            _n 0020  
    _PIC_Int 000B         _main 07F0         start 0024       saved_w 0070  
   int_entry 0004  saved_pclath 0023        pclath 000A  saved_status 0022  
      status 0003      int_func 000B   clear_bank0 0024   int_restore 001F  
