

HI-TECH Software PICC Macro Assembler V8.05PL2
Serial number: HCPIC-88888                            Sat Sep 28 12:39:42 2019

Licensed to: ONE TWO
     1                           	processor	16F877A
     2                           	opt	pw 79
     3                           	psect	__Z88888RS_,global,delta=1
     4                           	psect	text0,local,class=CODE,delta=2
     5                           	psect	config,global,class=CONFIG,delta=2
     6                           	psect	text2,local,class=CODE,delta=2
     7                           	psect	temp,global,ovrld,class=BANK0,space=1,de
      +                          lta=1
     8  0000                     
     9  0000                     
    10  0000                     
    11  0000                     
    12  0000                     
    13  0000                     
    14  0000                     
    15  0000                     
    16  0000                     
    17  0000                     
    18                           
    19                           	psect	__Z88888RS_
    20  0190                     
    21  0190                     	;#
    22                           
    23                           	psect	text0
    24  0755                     _delay
    25                           ;	_j assigned to ?a_delay+0
    26  0000                     _delay$j	set	?a_delay
    27                           ;	_i assigned to ?a_delay+2
    28  0000                     _delay$i	set	?a_delay+2
    29                           ;ex3.c: 8: int i, j;
    30  0755  0183               	clrf	3	;select bank 0
    31  0756  0822               	movf	?_delay,w
    32  0757  00A6               	movwf	?a_delay+2
    33  0758  0823               	movf	?_delay+1,w
    34  0759  00A7               	movwf	?a_delay+3
    35  075A  3A80               	xorlw	128
    36  075B  00F0               	movwf	btemp
    37  075C  3080               	movlw	128
    38  075D  0270               	subwf	btemp,w
    39  075E  3001               	movlw	1
    40                           ;set	bank bits (((?a_delay+2)))
    41  075F  1903               	btfsc	3,2
    42  0760  0226               	subwf	?a_delay+2,w
    43  0761  1C03               	btfss	3,0
    44  0762  0008               	return
    45  0763                     l2
    46                           ;ex3.c: 10: for(j=110;j>0;j--);
    47  0763  306E               	movlw	110
    48  0764  00A4               	movwf	?a_delay
    49  0765  01A5               	clrf	?a_delay+1
    50  0766                     l5
    51  0766  08A4               	movf	?a_delay
    52  0767  1903               	btfsc	3,2
    53  0768  03A5               	decf	?a_delay+1
    54  0769  03A4               	decf	?a_delay
    55  076A  0825               	movf	?a_delay+1,w
    56  076B  3A80               	xorlw	128
    57  076C  00F0               	movwf	btemp
    58  076D  3080               	movlw	128
    59  076E  0270               	subwf	btemp,w
    60  076F  3001               	movlw	1
    61                           ;set	bank bits (((?a_delay+0)))
    62  0770  1903               	btfsc	3,2
    63  0771  0224               	subwf	?a_delay,w
    64  0772  1803               	btfsc	3,0
    65  0773  2F66               	goto	l5
    66  0774  08A6               	movf	?a_delay+2
    67  0775  1903               	btfsc	3,2
    68  0776  03A7               	decf	?a_delay+3
    69  0777  03A6               	decf	?a_delay+2
    70  0778  0827               	movf	?a_delay+3,w
    71  0779  3A80               	xorlw	128
    72  077A  00F0               	movwf	btemp
    73  077B  3080               	movlw	128
    74  077C  0270               	subwf	btemp,w
    75  077D  3001               	movlw	1
    76                           ;set	bank bits (((?a_delay+2)))
    77  077E  1903               	btfsc	3,2
    78  077F  0226               	subwf	?a_delay+2,w
    79  0780  1C03               	btfss	3,0
    80  0781  0008               	return
    81  0782  2F63               	goto	l2
    82                           ;ex3.c: 13: void main(void)
    83                           ;ex3.c: 14: {
    84  0783                     _main
    85                           ;	_i assigned to ?a_main+0
    86  0000                     _main$i	set	?a_main
    87                           ;ex3.c: 15: int i;
    88  0783  1683               	bsf	3,5
    89  0784  1303               	bcf	3,6	;carry unused
    90  0785  1209               	bcf	9,4	;volatile
    91                           ;ex3.c: 17: ADCON1=(ADCON1&0xf0)|0x07;
    92  0786  081F               	movf	31,w	;volatile
    93  0787  39F0               	andlw	-16
    94  0788  3807               	iorlw	7
    95  0789  009F               	movwf	31	;volatile
    96                           ;ex3.c: 18: TRISA=TRISA&(~(0x01<<1));
    97  078A  1085               	bcf	5,1	;volatile
    98                           ;ex3.c: 19: TRISA=TRISA&(~(0x01<<2));
    99  078B  1105               	bcf	5,2	;volatile
   100                           ;ex3.c: 20: TRISA=TRISA&(~(0x01<<3));
   101  078C  1185               	bcf	5,3	;volatile
   102                           ;ex3.c: 21: TRISA=TRISA&(~(0x01<<4));
   103  078D  1205               	bcf	5,4	;volatile
   104                           ;ex3.c: 22: TRISA=TRISA&(~(0x01<<5));
   105  078E  1285               	bcf	5,5	;volatile
   106                           ;ex3.c: 23: TRISD=0x00;
   107  078F  0188               	clrf	8	;volatile
   108                           ;ex3.c: 24: PORTA = 0B00000010;
   109  0790  3002               	movlw	2
   110  0791  1283               	bcf	3,5
   111  0792  0085               	movwf	5	;volatile
   112                           ;ex3.c: 25: PORTD = 0B00000001;
   113  0793  3001               	movlw	1
   114  0794  0088               	movwf	8	;volatile
   115                           ;ex3.c: 26: delay(100);
   116  0795  3064               	movlw	100
   117  0796  00A2               	movwf	?_delay
   118  0797  01A3               	clrf	?_delay+1
   119  0798  2755               	fcall	_delay
   120  0799                     l10
   121                           ;ex3.c: 27: while(1)
   122                           ;ex3.c: 28: {
   123  0799  01A0               	clrf	?a_main
   124  079A  01A1               	clrf	?a_main+1
   125                           ;ex3.c: 30: {
   126                           ;ex3.c: 31: PORTD = PORTD << 1;
   127  079B  1003               	bcf	3,0
   128  079C                     L2
   129  079C  0D88               	rlf	8	;volatile
   130                           ;ex3.c: 32: delay(100);
   131  079D  3064               	movlw	100
   132  079E  00A2               	movwf	?_delay
   133  079F  01A3               	clrf	?_delay+1
   134  07A0  2755               	fcall	_delay
   135                           ;ex3.c: 33: }
   136  07A1  0AA0               	incf	?a_main
   137  07A2  1903               	btfsc	3,2
   138  07A3  0AA1               	incf	?a_main+1
   139  07A4  0821               	movf	?a_main+1,w
   140  07A5  3A80               	xorlw	128
   141  07A6  00F0               	movwf	btemp
   142  07A7  3080               	movlw	128
   143  07A8  0270               	subwf	btemp,w
   144  07A9  3007               	movlw	7
   145                           ;set	bank bits for (((?a_main+0)))
   146  07AA  1903               	btfsc	3,2
   147  07AB  0220               	subwf	?a_main,w
   148  07AC  1C03               	btfss	3,0
   149  07AD  2F9C               	goto	L2
   150                           ;ex3.c: 35: for(i=0;i<3;i++)
   151  07AE  01A0               	clrf	?a_main
   152  07AF  01A1               	clrf	?a_main+1
   153  07B0                     l15
   154                           ;ex3.c: 36: {
   155                           ;ex3.c: 37: if(i<2)
   156  07B0  0821               	movf	?a_main+1,w
   157  07B1  3A80               	xorlw	128
   158  07B2  00F0               	movwf	btemp
   159  07B3  3080               	movlw	128
   160  07B4  0270               	subwf	btemp,w
   161  07B5  3002               	movlw	2
   162                           ;set	bank bits (((?a_main+0)))
   163  07B6  1903               	btfsc	3,2
   164  07B7  0220               	subwf	?a_main,w
   165  07B8  1C03               	btfss	3,0
   166  07B9  2FBD               	goto	L4
   167                           ;ex3.c: 38: PORTA = PORTA << 1;
   168                           ;ex3.c: 39: else
   169                           ;ex3.c: 40: PORTA = PORTA << 2;
   170  07BA  1003               	bcf	3,0
   171  07BB  0D85               	rlf	5
   172  07BC  1003               	bcf	3,0
   173  07BD                     L4
   174  07BD  0D85               	rlf	5	;volatile
   175                           ;ex3.c: 41: delay(100);
   176  07BE  3064               	movlw	100
   177  07BF  00A2               	movwf	?_delay
   178  07C0  01A3               	clrf	?_delay+1
   179  07C1  2755               	fcall	_delay
   180                           ;ex3.c: 42: }
   181  07C2  0AA0               	incf	?a_main
   182  07C3  1903               	btfsc	3,2
   183  07C4  0AA1               	incf	?a_main+1
   184  07C5  0821               	movf	?a_main+1,w
   185  07C6  3A80               	xorlw	128
   186  07C7  00F0               	movwf	btemp
   187  07C8  3080               	movlw	128
   188  07C9  0270               	subwf	btemp,w
   189  07CA  3003               	movlw	3
   190                           ;set	bank bits for (((?a_main+0)))
   191  07CB  1903               	btfsc	3,2
   192  07CC  0220               	subwf	?a_main,w
   193  07CD  1C03               	btfss	3,0
   194  07CE  2FB0               	goto	l15
   195                           ;ex3.c: 44: for(i=0;i<7;i++)
   196  07CF  01A0               	clrf	?a_main
   197  07D0  01A1               	clrf	?a_main+1
   198                           ;ex3.c: 45: {
   199                           ;ex3.c: 46: PORTD = PORTD >> 1;
   200  07D1  1003               	bcf	3,0
   201  07D2                     L3
   202  07D2  0C88               	rrf	8	;volatile
   203                           ;ex3.c: 47: delay(100);
   204  07D3  3064               	movlw	100
   205  07D4  00A2               	movwf	?_delay
   206  07D5  01A3               	clrf	?_delay+1
   207  07D6  2755               	fcall	_delay
   208                           ;ex3.c: 48: }
   209  07D7  0AA0               	incf	?a_main
   210  07D8  1903               	btfsc	3,2
   211  07D9  0AA1               	incf	?a_main+1
   212  07DA  0821               	movf	?a_main+1,w
   213  07DB  3A80               	xorlw	128
   214  07DC  00F0               	movwf	btemp
   215  07DD  3080               	movlw	128
   216  07DE  0270               	subwf	btemp,w
   217  07DF  3007               	movlw	7
   218                           ;set	bank bits for (((?a_main+0)))
   219  07E0  1903               	btfsc	3,2
   220  07E1  0220               	subwf	?a_main,w
   221  07E2  1C03               	btfss	3,0
   222  07E3  2FD2               	goto	L3
   223                           ;ex3.c: 50: for(i=0;i<3;i++)
   224  07E4  01A0               	clrf	?a_main
   225  07E5  01A1               	clrf	?a_main+1
   226  07E6                     l23
   227                           ;ex3.c: 51: {
   228                           ;ex3.c: 52: if(!i)
   229  07E6  0821               	movf	?a_main+1,w
   230  07E7  0420               	iorwf	?a_main,w
   231                           ;ex3.c: 53: PORTA = PORTA >> 2;
   232  07E8  1003               	bcf	3,0
   233  07E9  1D03               	btfss	3,2
   234  07EA  2FED               	goto	L5
   235  07EB  0C85               	rrf	5
   236                           ;ex3.c: 54: else
   237                           ;ex3.c: 55: PORTA = PORTA >> 1;
   238  07EC  1003               	bcf	3,0
   239  07ED                     L5
   240  07ED  0C85               	rrf	5	;volatile
   241                           ;ex3.c: 56: delay(100);
   242  07EE  3064               	movlw	100
   243  07EF  00A2               	movwf	?_delay
   244  07F0  01A3               	clrf	?_delay+1
   245  07F1  2755               	fcall	_delay
   246                           ;ex3.c: 57: }
   247  07F2  0AA0               	incf	?a_main
   248  07F3  1903               	btfsc	3,2
   249  07F4  0AA1               	incf	?a_main+1
   250  07F5  0821               	movf	?a_main+1,w
   251  07F6  3A80               	xorlw	128
   252  07F7  00F0               	movwf	btemp
   253  07F8  3080               	movlw	128
   254  07F9  0270               	subwf	btemp,w
   255  07FA  3003               	movlw	3
   256                           ;set	bank bits for (((?a_main+0)))
   257  07FB  1903               	btfsc	3,2
   258  07FC  0220               	subwf	?a_main,w
   259  07FD  1803               	btfsc	3,0
   260  07FE  2F99               	goto	l10
   261  07FF  2FE6               	goto	l23
   262                           
   263                           	psect	config
   264  2007  3F79               	dw	16249	;#
   265  0000                     _delay$x	set	?_delay
   266                           
   267                           	psect	text2
   268  0000                     
   269  0000                     
   270  0000                     
   271  0000                     
   272  0000                     
   273  0000                     
   274  0000                     
   275  0000                     
   276  0000                     
   277  0000                     
   278  0000                     
   279  0000                     
   280  0000                     
   281  0000                     
   282  0000                     
   283  0000                     
   284  0000                     
   285  0000                     
   286  0000                     
   287  0000                     
   288  0000                     
   289  0000                     
   290  0000                     
   291  0000                     
   292  0000                     
   293  0000                     
   294  0000                     
   295  0000                     
   296  0000                     
   297  0000                     
   298  0000                     
   299  0000                     
   300  0000                     
   301  0000                     
   302  0000                     
   303  0000                     
   304  0000                     
   305  0000                     
   306  0000                     
   307  0000                     
   308  0000                     
   309  0000                     
   310  0000                     
   311  0000                     
   312  0000                     
   313  0000                     
   314  0000                     
   315  0000                     
   316  0000                     
   317  0000                     
   318  0000                     
   319  0000                     
   320  0000                     
   321  0000                     
   322  0000                     
   323  0000                     
   324  0000                     
   325  0000                     
   326  0000                     
   327  0000                     
   328  0000                     
   329  0000                     
   330  0000                     
   331  0000                     
   332  0000                     
   333  0000                     
   334  0000                     
   335  0000                     
   336  0000                     
   337  0000                     
   338  0000                     
   339  0000                     
   340  0000                     
   341  0000                     
   342  0000                     
   343  0000                     
   344  0000                     
   345  0000                     
   346  0000                     
   347  0000                     
   348  0000                     
   349  0000                     
   350  0000                     
   351  0000                     
   352  0000                     
   353  0000                     
   354  0000                     
   355  0000                     
   356  0000                     
   357  0000                     
   358  0000                     
   359  0000                     
   360  0000                     
   361  0000                     
   362  0000                     
   363  0000                     
   364  0000                     
   365  0000                     
   366  0000                     
   367  0000                     
   368  0000                     
   369  0000                     
   370  0000                     
   371  0000                     
   372  0000                     
   373  0000                     
   374  0000                     
   375  0000                     
   376  0000                     
   377  0000                     
   378  0000                     
   379  0000                     
   380  0000                     
   381  0000                     
   382  0000                     
   383  0000                     
   384  0000                     
   385  0000                     
   386  0000                     
   387  0000                     
   388  0000                     
   389  0000                     
   390  0000                     
   391  0000                     
   392  0000                     
   393  0000                     
   394  0000                     
   395  0000                     
   396  0000                     
   397  0000                     
   398  0000                     
   399  0000                     
   400  0000                     
   401  0000                     
   402  0000                     
   403  0000                     
   404  0000                     
   405  0000                     
   406  0000                     
   407  0000                     
   408  0000                     
   409  0000                     
   410  0000                     
   411  0000                     
   412  0000                     
   413  0000                     
   414  0000                     
   415  0000                     
   416  0000                     
   417  0000                     
   418  0000                     
   419  0000                     
   420  0000                     
   421  0000                     
   422  0000                     
   423  0000                     
   424  0000                     
   425  0000                     
   426  0000                     
   427  0000                     
   428  0000                     
   429  0000                     
   430  0000                     
   431  0000                     
   432  0000                     
   433  0000                     
   434  0000                     
   435  0000                     
   436  0000                     
   437  0000                     
   438  0000                     
   439  0000                     
   440  0000                     
   441  0000                     
   442  0000                     
   443  0000                     
   444  0000                     
   445  0000                     
   446  0000                     
   447  0000                     
   448  0000                     
   449  0000                     
   450  0000                     
   451  0000                     
   452  0000                     
   453  0000                     
   454  0000                     
   455  0000                     
   456  0000                     
   457  0000                     
   458  0000                     
   459  0000                     
   460  0000                     
   461  0000                     
   462  0000                     
   463  0000                     
   464  0000                     
   465  0000                     
   466  0000                     
   467  0000                     
   468  0000                     
   469  0000                     
   470  0000                     
   471  0000                     
   472  0000                     
   473  0000                     
   474  0000                     
   475  0000                     
   476  0000                     
   477  0000                     
   478  0000                     
   479  0000                     
   480  0000                     
   481  0000                     
   482  0000                     
   483  0000                     
   484  0000                     
   485  0000                     
   486  0000                     
   487  0000                     
   488  0000                     
   489  0000                     
   490  0000                     
   491  0000                     
   492  0000                     
   493  0000                     
   494  0000                     
   495  0000                     
   496  0000                     
   497  0000                     
   498  0000                     
   499  0000                     
   500  0000                     
   501  0000                     
   502  0000                     
   503  0000                     
   504  0000                     
   505  0000                     
   506  0000                     
   507  0000                     
   508  0000                     
   509  0000                     
   510  0000                     
   511  0000                     
   512  0000                     
   513  0000                     
   514  0000                     
   515  0000                     
   516  0000                     
   517  0000                     
   518  0000                     
   519  0000                     
   520  0000                     
   521  0000                     
   522  0000                     
   523  0000                     
   524  0000                     
   525  0000                     
   526  0000                     
   527  0000                     
   528  0000                     
   529  0000                     
   530  0000                     
   531  0000                     
   532  0000                     
   533  0000                     
   534  0000                     
   535  0000                     
   536  0000                     
   537  0000                     
   538  0000                     
   539  0000                     
   540  0000                     
   541  0000                     
   542  0000                     
   543  0000                     
   544                           
   545                           	psect	temp
   546  0070                     btemp
   547  0070                     	ds	1


HI-TECH Software PICC Macro Assembler V8.05PL2
Symbol Table                                          Sat Sep 28 12:39:42 2019

    ?_delay 0022      ?a_main 0020           l2 0763           l5 0766  
   ?a_delay 0024          l10 0799          l23 07E6          l15 07B0  
      _main 0783        btemp 0070        start 0004       _delay 0755  
     status 0003  used_btemp0 0001  
